-------------------------------------------------------------------------------
Test set: net.itxw.activitiDemo.ActivitiDemoApplicationTests
-------------------------------------------------------------------------------
Tests run: 1, Failures: 0, Errors: 1, Skipped: 0, Time elapsed: 3.31 s <<< FAILURE! - in net.itxw.activitiDemo.ActivitiDemoApplicationTests
contextLoads(net.itxw.activitiDemo.ActivitiDemoApplicationTests)  Time elapsed: 0.001 s  <<< ERROR!
java.lang.IllegalStateException: Failed to load ApplicationContext
Caused by: org.springframework.beans.factory.BeanCreationException: Error creating bean with name 'requestMappingHandlerMapping' defined in class path resource [org/springframework/boot/autoconfigure/web/servlet/WebMvcAutoConfiguration$EnableWebMvcConfiguration.class]: Invocation of init method failed; nested exception is java.lang.ArrayStoreException: sun.reflect.annotation.TypeNotPresentExceptionProxy
Caused by: java.lang.ArrayStoreException: sun.reflect.annotation.TypeNotPresentExceptionProxy

