<?xml version="1.0" encoding="UTF-8"?>
<testsuite xmlns:xsi="http://www.w3.org/2001/XMLSchema-instance" xsi:noNamespaceSchemaLocation="https://maven.apache.org/surefire/maven-surefire-plugin/xsd/surefire-test-report.xsd" name="net.itxw.activitiDemo.ActivitiDemoApplicationTests" time="3.31" tests="1" errors="1" skipped="0" failures="0">
  <properties>
[...]
</properties>
  <testcase name="contextLoads" classname="net.itxw.activitiDemo.ActivitiDemoApplicationTests" time="0.001">
    <error message="Failed to load ApplicationContext" type="java.lang.IllegalStateException">java.lang.IllegalStateException: Failed to load ApplicationContext
Caused by: org.springframework.beans.factory.BeanCreationException: Error creating bean with name 'requestMappingHandlerMapping' defined in class path resource [org/springframework/boot/autoconfigure/web/servlet/WebMvcAutoConfiguration$EnableWebMvcConfiguration.class]: Invocation of init method failed; nested exception is java.lang.ArrayStoreException: sun.reflect.annotation.TypeNotPresentExceptionProxy
Caused by: java.lang.ArrayStoreException: sun.reflect.annotation.TypeNotPresentExceptionProxy
</error>
    <system-out><![CDATA[10:02:55.601 [main] DEBUG org.springframework.test.context.junit4.SpringJUnit4ClassRunner - SpringJUnit4ClassRunner constructor called with [class net.itxw.activitiDemo.ActivitiDemoApplicationTests]
10:02:55.618 [main] DEBUG org.springframework.test.context.BootstrapUtils - Instantiating CacheAwareContextLoaderDelegate from class [org.springframework.test.context.cache.DefaultCacheAwareContextLoaderDelegate]
10:02:55.631 [main] DEBUG org.springframework.test.context.BootstrapUtils - Instantiating BootstrapContext using constructor [public org.springframework.test.context.support.DefaultBootstrapContext(java.lang.Class,org.springframework.test.context.CacheAwareContextLoaderDelegate)]
10:02:55.657 [main] DEBUG org.springframework.test.context.BootstrapUtils - Instantiating TestContextBootstrapper for test class [net.itxw.activitiDemo.ActivitiDemoApplicationTests] from class [org.springframework.boot.test.context.SpringBootTestContextBootstrapper]
10:02:55.670 [main] INFO org.springframework.boot.test.context.SpringBootTestContextBootstrapper - Neither @ContextConfiguration nor @ContextHierarchy found for test class [net.itxw.activitiDemo.ActivitiDemoApplicationTests], using SpringBootContextLoader
10:02:55.676 [main] DEBUG org.springframework.test.context.support.AbstractContextLoader - Did not detect default resource location for test class [net.itxw.activitiDemo.ActivitiDemoApplicationTests]: class path resource [net/itxw/activitiDemo/ActivitiDemoApplicationTests-context.xml] does not exist
10:02:55.676 [main] DEBUG org.springframework.test.context.support.AbstractContextLoader - Did not detect default resource location for test class [net.itxw.activitiDemo.ActivitiDemoApplicationTests]: class path resource [net/itxw/activitiDemo/ActivitiDemoApplicationTestsContext.groovy] does not exist
10:02:55.676 [main] INFO org.springframework.test.context.support.AbstractContextLoader - Could not detect default resource locations for test class [net.itxw.activitiDemo.ActivitiDemoApplicationTests]: no resource found for suffixes {-context.xml, Context.groovy}.
10:02:55.676 [main] INFO org.springframework.test.context.support.AnnotationConfigContextLoaderUtils - Could not detect default configuration classes for test class [net.itxw.activitiDemo.ActivitiDemoApplicationTests]: ActivitiDemoApplicationTests does not declare any static, non-private, non-final, nested classes annotated with @Configuration.
10:02:55.774 [main] DEBUG org.springframework.test.context.support.ActiveProfilesUtils - Could not find an 'annotation declaring class' for annotation type [org.springframework.test.context.ActiveProfiles] and class [net.itxw.activitiDemo.ActivitiDemoApplicationTests]
10:02:55.788 [main] DEBUG org.springframework.core.env.StandardEnvironment - Adding PropertySource 'systemProperties' with lowest search precedence
10:02:55.789 [main] DEBUG org.springframework.core.env.StandardEnvironment - Adding PropertySource 'systemEnvironment' with lowest search precedence
10:02:55.791 [main] DEBUG org.springframework.core.env.StandardEnvironment - Initialized StandardEnvironment with PropertySources [MapPropertySource@1366025231 {name='systemProperties', properties={idea.version=2018.2.2, java.runtime.name=Java(TM) SE Runtime Environment, sun.boot.library.path=D:\Program Files\Java\jdk1.8.0_181\jre\bin, java.vm.version=25.181-b13, java.vm.vendor=Oracle Corporation, java.vendor.url=http://java.oracle.com/, path.separator=;, java.vm.name=Java HotSpot(TM) 64-Bit Server VM, file.encoding.pkg=sun.io, user.country=CN, user.script=, sun.java.launcher=SUN_STANDARD, sun.os.patch.level=, java.vm.specification.name=Java Virtual Machine Specification, user.dir=D:\workspace\code\activitiDemo, java.runtime.version=1.8.0_181-b13, basedir=D:\workspace\code\activitiDemo, java.awt.graphicsenv=sun.awt.Win32GraphicsEnvironment, java.endorsed.dirs=D:\Program Files\Java\jdk1.8.0_181\jre\lib\endorsed, os.arch=amd64, surefire.real.class.path=C:\Users\ADMINI~1\AppData\Local\Temp\surefire4727661281107605138\surefirebooter5904937750270274328.jar, java.io.tmpdir=C:\Users\ADMINI~1\AppData\Local\Temp\, line.separator=
, java.vm.specification.vendor=Oracle Corporation, user.variant=, os.name=Windows 10, sun.jnu.encoding=GBK, java.library.path=D:\Program Files\Java\jdk1.8.0_181\jre\bin;C:\Windows\Sun\Java\bin;C:\Windows\system32;C:\Windows;C:\Program Files (x86)\Common Files\Oracle\Java\javapath;C:\Program Files (x86)\Intel\Intel(R) Management Engine Components\iCLS\;C:\Program Files\Intel\Intel(R) Management Engine Components\iCLS\;C:\Windows\system32;C:\Windows;C:\Windows\System32\Wbem;C:\Windows\System32\WindowsPowerShell\v1.0\;C:\Windows\System32\OpenSSH\;C:\Program Files (x86)\Intel\Intel(R) Management Engine Components\DAL;C:\Program Files\Intel\Intel(R) Management Engine Components\DAL;C:\Program Files (x86)\Intel\Intel(R) Management Engine Components\IPT;C:\Program Files\Intel\Intel(R) Management Engine Components\IPT;C:\Program Files\Intel\WiFi\bin\;C:\Program Files\Common Files\Intel\WirelessCommon\;C:\Program Files (x86)\NVIDIA Corporation\PhysX\Common;C:\Users\Administrator\AppData\Local\Microsoft\WindowsApps;;., surefire.test.class.path=D:\workspace\code\activitiDemo\target\test-classes;D:\workspace\code\activitiDemo\target\classes;D:\workspace\mavenRepository\org\springframework\boot\spring-boot-starter\2.0.4.RELEASE\spring-boot-starter-2.0.4.RELEASE.jar;D:\workspace\mavenRepository\org\springframework\boot\spring-boot\2.0.4.RELEASE\spring-boot-2.0.4.RELEASE.jar;D:\workspace\mavenRepository\org\springframework\spring-context\5.0.8.RELEASE\spring-context-5.0.8.RELEASE.jar;D:\workspace\mavenRepository\org\springframework\boot\spring-boot-autoconfigure\2.0.4.RELEASE\spring-boot-autoconfigure-2.0.4.RELEASE.jar;D:\workspace\mavenRepository\org\springframework\boot\spring-boot-starter-logging\2.0.4.RELEASE\spring-boot-starter-logging-2.0.4.RELEASE.jar;D:\workspace\mavenRepository\ch\qos\logback\logback-classic\1.2.3\logback-classic-1.2.3.jar;D:\workspace\mavenRepository\ch\qos\logback\logback-core\1.2.3\logback-core-1.2.3.jar;D:\workspace\mavenRepository\org\apache\logging\log4j\log4j-to-slf4j\2.10.0\log4j-to-slf4j-2.10.0.jar;D:\workspace\mavenRepository\org\apache\logging\log4j\log4j-api\2.10.0\log4j-api-2.10.0.jar;D:\workspace\mavenRepository\org\slf4j\jul-to-slf4j\1.7.25\jul-to-slf4j-1.7.25.jar;D:\workspace\mavenRepository\javax\annotation\javax.annotation-api\1.3.2\javax.annotation-api-1.3.2.jar;D:\workspace\mavenRepository\org\springframework\spring-core\5.0.8.RELEASE\spring-core-5.0.8.RELEASE.jar;D:\workspace\mavenRepository\org\springframework\spring-jcl\5.0.8.RELEASE\spring-jcl-5.0.8.RELEASE.jar;D:\workspace\mavenRepository\org\yaml\snakeyaml\1.19\snakeyaml-1.19.jar;D:\workspace\mavenRepository\org\springframework\boot\spring-boot-starter-web\2.0.4.RELEASE\spring-boot-starter-web-2.0.4.RELEASE.jar;D:\workspace\mavenRepository\org\springframework\boot\spring-boot-starter-json\2.0.4.RELEASE\spring-boot-starter-json-2.0.4.RELEASE.jar;D:\workspace\mavenRepository\com\fasterxml\jackson\core\jackson-databind\2.9.6\jackson-databind-2.9.6.jar;D:\workspace\mavenRepository\com\fasterxml\jackson\core\jackson-annotations\2.9.0\jackson-annotations-2.9.0.jar;D:\workspace\mavenRepository\com\fasterxml\jackson\core\jackson-core\2.9.6\jackson-core-2.9.6.jar;D:\workspace\mavenRepository\com\fasterxml\jackson\datatype\jackson-datatype-jdk8\2.9.6\jackson-datatype-jdk8-2.9.6.jar;D:\workspace\mavenRepository\com\fasterxml\jackson\datatype\jackson-datatype-jsr310\2.9.6\jackson-datatype-jsr310-2.9.6.jar;D:\workspace\mavenRepository\com\fasterxml\jackson\module\jackson-module-parameter-names\2.9.6\jackson-module-parameter-names-2.9.6.jar;D:\workspace\mavenRepository\org\springframework\boot\spring-boot-starter-tomcat\2.0.4.RELEASE\spring-boot-starter-tomcat-2.0.4.RELEASE.jar;D:\workspace\mavenRepository\org\apache\tomcat\embed\tomcat-embed-core\8.5.32\tomcat-embed-core-8.5.32.jar;D:\workspace\mavenRepository\org\apache\tomcat\embed\tomcat-embed-el\8.5.32\tomcat-embed-el-8.5.32.jar;D:\workspace\mavenRepository\org\apache\tomcat\embed\tomcat-embed-websocket\8.5.32\tomcat-embed-websocket-8.5.32.jar;D:\workspace\mavenRepository\org\hibernate\validator\hibernate-validator\6.0.11.Final\hibernate-validator-6.0.11.Final.jar;D:\workspace\mavenRepository\javax\validation\validation-api\2.0.1.Final\validation-api-2.0.1.Final.jar;D:\workspace\mavenRepository\org\jboss\logging\jboss-logging\3.3.2.Final\jboss-logging-3.3.2.Final.jar;D:\workspace\mavenRepository\com\fasterxml\classmate\1.3.4\classmate-1.3.4.jar;D:\workspace\mavenRepository\org\springframework\spring-web\5.0.8.RELEASE\spring-web-5.0.8.RELEASE.jar;D:\workspace\mavenRepository\org\springframework\spring-beans\5.0.8.RELEASE\spring-beans-5.0.8.RELEASE.jar;D:\workspace\mavenRepository\org\springframework\spring-webmvc\5.0.8.RELEASE\spring-webmvc-5.0.8.RELEASE.jar;D:\workspace\mavenRepository\org\springframework\spring-aop\5.0.8.RELEASE\spring-aop-5.0.8.RELEASE.jar;D:\workspace\mavenRepository\org\springframework\spring-expression\5.0.8.RELEASE\spring-expression-5.0.8.RELEASE.jar;D:\workspace\mavenRepository\org\springframework\boot\spring-boot-devtools\2.0.4.RELEASE\spring-boot-devtools-2.0.4.RELEASE.jar;D:\workspace\mavenRepository\org\projectlombok\lombok\1.16.22\lombok-1.16.22.jar;D:\workspace\mavenRepository\org\springframework\boot\spring-boot-starter-test\2.0.4.RELEASE\spring-boot-starter-test-2.0.4.RELEASE.jar;D:\workspace\mavenRepository\org\springframework\boot\spring-boot-test\2.0.4.RELEASE\spring-boot-test-2.0.4.RELEASE.jar;D:\workspace\mavenRepository\org\springframework\boot\spring-boot-test-autoconfigure\2.0.4.RELEASE\spring-boot-test-autoconfigure-2.0.4.RELEASE.jar;D:\workspace\mavenRepository\com\jayway\jsonpath\json-path\2.4.0\json-path-2.4.0.jar;D:\workspace\mavenRepository\net\minidev\json-smart\2.3\json-smart-2.3.jar;D:\workspace\mavenRepository\net\minidev\accessors-smart\1.2\accessors-smart-1.2.jar;D:\workspace\mavenRepository\org\ow2\asm\asm\5.0.4\asm-5.0.4.jar;D:\workspace\mavenRepository\junit\junit\4.12\junit-4.12.jar;D:\workspace\mavenRepository\org\assertj\assertj-core\3.9.1\assertj-core-3.9.1.jar;D:\workspace\mavenRepository\org\mockito\mockito-core\2.15.0\mockito-core-2.15.0.jar;D:\workspace\mavenRepository\net\bytebuddy\byte-buddy\1.7.11\byte-buddy-1.7.11.jar;D:\workspace\mavenRepository\net\bytebuddy\byte-buddy-agent\1.7.11\byte-buddy-agent-1.7.11.jar;D:\workspace\mavenRepository\org\objenesis\objenesis\2.6\objenesis-2.6.jar;D:\workspace\mavenRepository\org\hamcrest\hamcrest-core\1.3\hamcrest-core-1.3.jar;D:\workspace\mavenRepository\org\hamcrest\hamcrest-library\1.3\hamcrest-library-1.3.jar;D:\workspace\mavenRepository\org\skyscreamer\jsonassert\1.5.0\jsonassert-1.5.0.jar;D:\workspace\mavenRepository\com\vaadin\external\google\android-json\0.0.20131108.vaadin1\android-json-0.0.20131108.vaadin1.jar;D:\workspace\mavenRepository\org\springframework\spring-test\5.0.8.RELEASE\spring-test-5.0.8.RELEASE.jar;D:\workspace\mavenRepository\org\xmlunit\xmlunit-core\2.5.1\xmlunit-core-2.5.1.jar;D:\workspace\mavenRepository\org\mybatis\spring\boot\mybatis-spring-boot-starter\1.3.0\mybatis-spring-boot-starter-1.3.0.jar;D:\workspace\mavenRepository\org\springframework\boot\spring-boot-starter-jdbc\2.0.4.RELEASE\spring-boot-starter-jdbc-2.0.4.RELEASE.jar;D:\workspace\mavenRepository\com\zaxxer\HikariCP\2.7.9\HikariCP-2.7.9.jar;D:\workspace\mavenRepository\org\springframework\spring-jdbc\5.0.8.RELEASE\spring-jdbc-5.0.8.RELEASE.jar;D:\workspace\mavenRepository\org\mybatis\spring\boot\mybatis-spring-boot-autoconfigure\1.3.0\mybatis-spring-boot-autoconfigure-1.3.0.jar;D:\workspace\mavenRepository\org\mybatis\mybatis\3.4.4\mybatis-3.4.4.jar;D:\workspace\mavenRepository\org\mybatis\mybatis-spring\1.3.1\mybatis-spring-1.3.1.jar;D:\workspace\mavenRepository\mysql\mysql-connector-java\6.0.6\mysql-connector-java-6.0.6.jar;D:\workspace\mavenRepository\com\alibaba\druid-spring-boot-starter\1.1.10\druid-spring-boot-starter-1.1.10.jar;D:\workspace\mavenRepository\com\alibaba\druid\1.1.10\druid-1.1.10.jar;D:\workspace\mavenRepository\org\slf4j\slf4j-api\1.7.25\slf4j-api-1.7.25.jar;D:\workspace\mavenRepository\org\activiti\activiti-spring-boot-starter-basic\6.0.0\activiti-spring-boot-starter-basic-6.0.0.jar;D:\workspace\mavenRepository\org\activiti\activiti-engine\6.0.0\activiti-engine-6.0.0.jar;D:\workspace\mavenRepository\org\activiti\activiti-bpmn-converter\6.0.0\activiti-bpmn-converter-6.0.0.jar;D:\workspace\mavenRepository\org\activiti\activiti-bpmn-model\6.0.0\activiti-bpmn-model-6.0.0.jar;D:\workspace\mavenRepository\org\activiti\activiti-process-validation\6.0.0\activiti-process-validation-6.0.0.jar;D:\workspace\mavenRepository\org\activiti\activiti-image-generator\6.0.0\activiti-image-generator-6.0.0.jar;D:\workspace\mavenRepository\org\activiti\activiti-dmn-api\6.0.0\activiti-dmn-api-6.0.0.jar;D:\workspace\mavenRepository\org\activiti\activiti-dmn-model\6.0.0\activiti-dmn-model-6.0.0.jar;D:\workspace\mavenRepository\org\activiti\activiti-form-model\6.0.0\activiti-form-model-6.0.0.jar;D:\workspace\mavenRepository\org\activiti\activiti-form-api\6.0.0\activiti-form-api-6.0.0.jar;D:\workspace\mavenRepository\org\apache\commons\commons-email\1.4\commons-email-1.4.jar;D:\workspace\mavenRepository\com\sun\mail\javax.mail\1.6.1\javax.mail-1.6.1.jar;D:\workspace\mavenRepository\javax\activation\activation\1.1.1\activation-1.1.1.jar;D:\workspace\mavenRepository\org\apache\commons\commons-lang3\3.7\commons-lang3-3.7.jar;D:\workspace\mavenRepository\de\odysseus\juel\juel-api\2.2.7\juel-api-2.2.7.jar;D:\workspace\mavenRepository\de\odysseus\juel\juel-impl\2.2.7\juel-impl-2.2.7.jar;D:\workspace\mavenRepository\de\odysseus\juel\juel-spi\2.2.7\juel-spi-2.2.7.jar;D:\workspace\mavenRepository\joda-time\joda-time\2.9.9\joda-time-2.9.9.jar;D:\workspace\mavenRepository\org\slf4j\jcl-over-slf4j\1.7.25\jcl-over-slf4j-1.7.25.jar;D:\workspace\mavenRepository\org\activiti\activiti-spring\6.0.0\activiti-spring-6.0.0.jar;D:\workspace\mavenRepository\org\springframework\spring-tx\5.0.8.RELEASE\spring-tx-5.0.8.RELEASE.jar;D:\workspace\mavenRepository\org\springframework\spring-orm\5.0.8.RELEASE\spring-orm-5.0.8.RELEASE.jar;D:\workspace\mavenRepository\commons-dbcp\commons-dbcp\1.4\commons-dbcp-1.4.jar;D:\workspace\mavenRepository\commons-pool\commons-pool\1.6\commons-pool-1.6.jar;, java.specification.name=Java Platform API Specification, java.class.version=52.0, sun.management.compiler=HotSpot 64-Bit Tiered Compilers, os.version=10.0, user.home=C:\Users\Administrator, user.timezone=Asia/Shanghai, java.awt.printerjob=sun.awt.windows.WPrinterJob, file.encoding=GBK, java.specification.version=1.8, java.class.path=D:\workspace\code\activitiDemo\target\test-classes;D:\workspace\code\activitiDemo\target\classes;D:\workspace\mavenRepository\org\springframework\boot\spring-boot-starter\2.0.4.RELEASE\spring-boot-starter-2.0.4.RELEASE.jar;D:\workspace\mavenRepository\org\springframework\boot\spring-boot\2.0.4.RELEASE\spring-boot-2.0.4.RELEASE.jar;D:\workspace\mavenRepository\org\springframework\spring-context\5.0.8.RELEASE\spring-context-5.0.8.RELEASE.jar;D:\workspace\mavenRepository\org\springframework\boot\spring-boot-autoconfigure\2.0.4.RELEASE\spring-boot-autoconfigure-2.0.4.RELEASE.jar;D:\workspace\mavenRepository\org\springframework\boot\spring-boot-starter-logging\2.0.4.RELEASE\spring-boot-starter-logging-2.0.4.RELEASE.jar;D:\workspace\mavenRepository\ch\qos\logback\logback-classic\1.2.3\logback-classic-1.2.3.jar;D:\workspace\mavenRepository\ch\qos\logback\logback-core\1.2.3\logback-core-1.2.3.jar;D:\workspace\mavenRepository\org\apache\logging\log4j\log4j-to-slf4j\2.10.0\log4j-to-slf4j-2.10.0.jar;D:\workspace\mavenRepository\org\apache\logging\log4j\log4j-api\2.10.0\log4j-api-2.10.0.jar;D:\workspace\mavenRepository\org\slf4j\jul-to-slf4j\1.7.25\jul-to-slf4j-1.7.25.jar;D:\workspace\mavenRepository\javax\annotation\javax.annotation-api\1.3.2\javax.annotation-api-1.3.2.jar;D:\workspace\mavenRepository\org\springframework\spring-core\5.0.8.RELEASE\spring-core-5.0.8.RELEASE.jar;D:\workspace\mavenRepository\org\springframework\spring-jcl\5.0.8.RELEASE\spring-jcl-5.0.8.RELEASE.jar;D:\workspace\mavenRepository\org\yaml\snakeyaml\1.19\snakeyaml-1.19.jar;D:\workspace\mavenRepository\org\springframework\boot\spring-boot-starter-web\2.0.4.RELEASE\spring-boot-starter-web-2.0.4.RELEASE.jar;D:\workspace\mavenRepository\org\springframework\boot\spring-boot-starter-json\2.0.4.RELEASE\spring-boot-starter-json-2.0.4.RELEASE.jar;D:\workspace\mavenRepository\com\fasterxml\jackson\core\jackson-databind\2.9.6\jackson-databind-2.9.6.jar;D:\workspace\mavenRepository\com\fasterxml\jackson\core\jackson-annotations\2.9.0\jackson-annotations-2.9.0.jar;D:\workspace\mavenRepository\com\fasterxml\jackson\core\jackson-core\2.9.6\jackson-core-2.9.6.jar;D:\workspace\mavenRepository\com\fasterxml\jackson\datatype\jackson-datatype-jdk8\2.9.6\jackson-datatype-jdk8-2.9.6.jar;D:\workspace\mavenRepository\com\fasterxml\jackson\datatype\jackson-datatype-jsr310\2.9.6\jackson-datatype-jsr310-2.9.6.jar;D:\workspace\mavenRepository\com\fasterxml\jackson\module\jackson-module-parameter-names\2.9.6\jackson-module-parameter-names-2.9.6.jar;D:\workspace\mavenRepository\org\springframework\boot\spring-boot-starter-tomcat\2.0.4.RELEASE\spring-boot-starter-tomcat-2.0.4.RELEASE.jar;D:\workspace\mavenRepository\org\apache\tomcat\embed\tomcat-embed-core\8.5.32\tomcat-embed-core-8.5.32.jar;D:\workspace\mavenRepository\org\apache\tomcat\embed\tomcat-embed-el\8.5.32\tomcat-embed-el-8.5.32.jar;D:\workspace\mavenRepository\org\apache\tomcat\embed\tomcat-embed-websocket\8.5.32\tomcat-embed-websocket-8.5.32.jar;D:\workspace\mavenRepository\org\hibernate\validator\hibernate-validator\6.0.11.Final\hibernate-validator-6.0.11.Final.jar;D:\workspace\mavenRepository\javax\validation\validation-api\2.0.1.Final\validation-api-2.0.1.Final.jar;D:\workspace\mavenRepository\org\jboss\logging\jboss-logging\3.3.2.Final\jboss-logging-3.3.2.Final.jar;D:\workspace\mavenRepository\com\fasterxml\classmate\1.3.4\classmate-1.3.4.jar;D:\workspace\mavenRepository\org\springframework\spring-web\5.0.8.RELEASE\spring-web-5.0.8.RELEASE.jar;D:\workspace\mavenRepository\org\springframework\spring-beans\5.0.8.RELEASE\spring-beans-5.0.8.RELEASE.jar;D:\workspace\mavenRepository\org\springframework\spring-webmvc\5.0.8.RELEASE\spring-webmvc-5.0.8.RELEASE.jar;D:\workspace\mavenRepository\org\springframework\spring-aop\5.0.8.RELEASE\spring-aop-5.0.8.RELEASE.jar;D:\workspace\mavenRepository\org\springframework\spring-expression\5.0.8.RELEASE\spring-expression-5.0.8.RELEASE.jar;D:\workspace\mavenRepository\org\springframework\boot\spring-boot-devtools\2.0.4.RELEASE\spring-boot-devtools-2.0.4.RELEASE.jar;D:\workspace\mavenRepository\org\projectlombok\lombok\1.16.22\lombok-1.16.22.jar;D:\workspace\mavenRepository\org\springframework\boot\spring-boot-starter-test\2.0.4.RELEASE\spring-boot-starter-test-2.0.4.RELEASE.jar;D:\workspace\mavenRepository\org\springframework\boot\spring-boot-test\2.0.4.RELEASE\spring-boot-test-2.0.4.RELEASE.jar;D:\workspace\mavenRepository\org\springframework\boot\spring-boot-test-autoconfigure\2.0.4.RELEASE\spring-boot-test-autoconfigure-2.0.4.RELEASE.jar;D:\workspace\mavenRepository\com\jayway\jsonpath\json-path\2.4.0\json-path-2.4.0.jar;D:\workspace\mavenRepository\net\minidev\json-smart\2.3\json-smart-2.3.jar;D:\workspace\mavenRepository\net\minidev\accessors-smart\1.2\accessors-smart-1.2.jar;D:\workspace\mavenRepository\org\ow2\asm\asm\5.0.4\asm-5.0.4.jar;D:\workspace\mavenRepository\junit\junit\4.12\junit-4.12.jar;D:\workspace\mavenRepository\org\assertj\assertj-core\3.9.1\assertj-core-3.9.1.jar;D:\workspace\mavenRepository\org\mockito\mockito-core\2.15.0\mockito-core-2.15.0.jar;D:\workspace\mavenRepository\net\bytebuddy\byte-buddy\1.7.11\byte-buddy-1.7.11.jar;D:\workspace\mavenRepository\net\bytebuddy\byte-buddy-agent\1.7.11\byte-buddy-agent-1.7.11.jar;D:\workspace\mavenRepository\org\objenesis\objenesis\2.6\objenesis-2.6.jar;D:\workspace\mavenRepository\org\hamcrest\hamcrest-core\1.3\hamcrest-core-1.3.jar;D:\workspace\mavenRepository\org\hamcrest\hamcrest-library\1.3\hamcrest-library-1.3.jar;D:\workspace\mavenRepository\org\skyscreamer\jsonassert\1.5.0\jsonassert-1.5.0.jar;D:\workspace\mavenRepository\com\vaadin\external\google\android-json\0.0.20131108.vaadin1\android-json-0.0.20131108.vaadin1.jar;D:\workspace\mavenRepository\org\springframework\spring-test\5.0.8.RELEASE\spring-test-5.0.8.RELEASE.jar;D:\workspace\mavenRepository\org\xmlunit\xmlunit-core\2.5.1\xmlunit-core-2.5.1.jar;D:\workspace\mavenRepository\org\mybatis\spring\boot\mybatis-spring-boot-starter\1.3.0\mybatis-spring-boot-starter-1.3.0.jar;D:\workspace\mavenRepository\org\springframework\boot\spring-boot-starter-jdbc\2.0.4.RELEASE\spring-boot-starter-jdbc-2.0.4.RELEASE.jar;D:\workspace\mavenRepository\com\zaxxer\HikariCP\2.7.9\HikariCP-2.7.9.jar;D:\workspace\mavenRepository\org\springframework\spring-jdbc\5.0.8.RELEASE\spring-jdbc-5.0.8.RELEASE.jar;D:\workspace\mavenRepository\org\mybatis\spring\boot\mybatis-spring-boot-autoconfigure\1.3.0\mybatis-spring-boot-autoconfigure-1.3.0.jar;D:\workspace\mavenRepository\org\mybatis\mybatis\3.4.4\mybatis-3.4.4.jar;D:\workspace\mavenRepository\org\mybatis\mybatis-spring\1.3.1\mybatis-spring-1.3.1.jar;D:\workspace\mavenRepository\mysql\mysql-connector-java\6.0.6\mysql-connector-java-6.0.6.jar;D:\workspace\mavenRepository\com\alibaba\druid-spring-boot-starter\1.1.10\druid-spring-boot-starter-1.1.10.jar;D:\workspace\mavenRepository\com\alibaba\druid\1.1.10\druid-1.1.10.jar;D:\workspace\mavenRepository\org\slf4j\slf4j-api\1.7.25\slf4j-api-1.7.25.jar;D:\workspace\mavenRepository\org\activiti\activiti-spring-boot-starter-basic\6.0.0\activiti-spring-boot-starter-basic-6.0.0.jar;D:\workspace\mavenRepository\org\activiti\activiti-engine\6.0.0\activiti-engine-6.0.0.jar;D:\workspace\mavenRepository\org\activiti\activiti-bpmn-converter\6.0.0\activiti-bpmn-converter-6.0.0.jar;D:\workspace\mavenRepository\org\activiti\activiti-bpmn-model\6.0.0\activiti-bpmn-model-6.0.0.jar;D:\workspace\mavenRepository\org\activiti\activiti-process-validation\6.0.0\activiti-process-validation-6.0.0.jar;D:\workspace\mavenRepository\org\activiti\activiti-image-generator\6.0.0\activiti-image-generator-6.0.0.jar;D:\workspace\mavenRepository\org\activiti\activiti-dmn-api\6.0.0\activiti-dmn-api-6.0.0.jar;D:\workspace\mavenRepository\org\activiti\activiti-dmn-model\6.0.0\activiti-dmn-model-6.0.0.jar;D:\workspace\mavenRepository\org\activiti\activiti-form-model\6.0.0\activiti-form-model-6.0.0.jar;D:\workspace\mavenRepository\org\activiti\activiti-form-api\6.0.0\activiti-form-api-6.0.0.jar;D:\workspace\mavenRepository\org\apache\commons\commons-email\1.4\commons-email-1.4.jar;D:\workspace\mavenRepository\com\sun\mail\javax.mail\1.6.1\javax.mail-1.6.1.jar;D:\workspace\mavenRepository\javax\activation\activation\1.1.1\activation-1.1.1.jar;D:\workspace\mavenRepository\org\apache\commons\commons-lang3\3.7\commons-lang3-3.7.jar;D:\workspace\mavenRepository\de\odysseus\juel\juel-api\2.2.7\juel-api-2.2.7.jar;D:\workspace\mavenRepository\de\odysseus\juel\juel-impl\2.2.7\juel-impl-2.2.7.jar;D:\workspace\mavenRepository\de\odysseus\juel\juel-spi\2.2.7\juel-spi-2.2.7.jar;D:\workspace\mavenRepository\joda-time\joda-time\2.9.9\joda-time-2.9.9.jar;D:\workspace\mavenRepository\org\slf4j\jcl-over-slf4j\1.7.25\jcl-over-slf4j-1.7.25.jar;D:\workspace\mavenRepository\org\activiti\activiti-spring\6.0.0\activiti-spring-6.0.0.jar;D:\workspace\mavenRepository\org\springframework\spring-tx\5.0.8.RELEASE\spring-tx-5.0.8.RELEASE.jar;D:\workspace\mavenRepository\org\springframework\spring-orm\5.0.8.RELEASE\spring-orm-5.0.8.RELEASE.jar;D:\workspace\mavenRepository\commons-dbcp\commons-dbcp\1.4\commons-dbcp-1.4.jar;D:\workspace\mavenRepository\commons-pool\commons-pool\1.6\commons-pool-1.6.jar;, user.name=Administrator, java.vm.specification.version=1.8, sun.java.command=C:\Users\ADMINI~1\AppData\Local\Temp\surefire4727661281107605138\surefirebooter5904937750270274328.jar C:\Users\Administrator\AppData\Local\Temp\surefire4727661281107605138 2018-09-05T10-02-53_970-jvmRun1 surefire2262983238048992324tmp surefire_02859821421813464750tmp, java.home=D:\Program Files\Java\jdk1.8.0_181\jre, sun.arch.data.model=64, user.language=zh, java.specification.vendor=Oracle Corporation, awt.toolkit=sun.awt.windows.WToolkit, java.vm.info=mixed mode, java.version=1.8.0_181, java.ext.dirs=D:\Program Files\Java\jdk1.8.0_181\jre\lib\ext;C:\Windows\Sun\Java\lib\ext, sun.boot.class.path=D:\Program Files\Java\jdk1.8.0_181\jre\lib\resources.jar;D:\Program Files\Java\jdk1.8.0_181\jre\lib\rt.jar;D:\Program Files\Java\jdk1.8.0_181\jre\lib\sunrsasign.jar;D:\Program Files\Java\jdk1.8.0_181\jre\lib\jsse.jar;D:\Program Files\Java\jdk1.8.0_181\jre\lib\jce.jar;D:\Program Files\Java\jdk1.8.0_181\jre\lib\charsets.jar;D:\Program Files\Java\jdk1.8.0_181\jre\lib\jfr.jar;D:\Program Files\Java\jdk1.8.0_181\jre\classes, java.vendor=Oracle Corporation, localRepository=D:\workspace\mavenRepository, file.separator=\, java.vendor.url.bug=http://bugreport.sun.com/bugreport/, sun.io.unicode.encoding=UnicodeLittle, sun.cpu.endian=little, sun.desktop=windows, sun.cpu.isalist=amd64}}, SystemEnvironmentPropertySource@1007309018 {name='systemEnvironment', properties={PATH=C:\Program Files (x86)\Common Files\Oracle\Java\javapath;C:\Program Files (x86)\Intel\Intel(R) Management Engine Components\iCLS\;C:\Program Files\Intel\Intel(R) Management Engine Components\iCLS\;C:\Windows\system32;C:\Windows;C:\Windows\System32\Wbem;C:\Windows\System32\WindowsPowerShell\v1.0\;C:\Windows\System32\OpenSSH\;C:\Program Files (x86)\Intel\Intel(R) Management Engine Components\DAL;C:\Program Files\Intel\Intel(R) Management Engine Components\DAL;C:\Program Files (x86)\Intel\Intel(R) Management Engine Components\IPT;C:\Program Files\Intel\Intel(R) Management Engine Components\IPT;C:\Program Files\Intel\WiFi\bin\;C:\Program Files\Common Files\Intel\WirelessCommon\;C:\Program Files (x86)\NVIDIA Corporation\PhysX\Common;C:\Users\Administrator\AppData\Local\Microsoft\WindowsApps;, USERDOMAIN_ROAMINGPROFILE=KR1GRFQ2QND9DNC, LOCALAPPDATA=C:\Users\Administrator\AppData\Local, PROCESSOR_LEVEL=6, SYSTEMDRIVE=C:, COMMONPROGRAMFILES(X86)=C:\Program Files (x86)\Common Files, USERDOMAIN=KR1GRFQ2QND9DNC, FPS_BROWSER_APP_PROFILE_STRING=Internet Explorer, LOGONSERVER=\\KR1GRFQ2QND9DNC, PROMPT=$P$G, SESSIONNAME=Console, ALLUSERSPROFILE=C:\ProgramData, PROGRAMFILES(X86)=C:\Program Files (x86), PROCESSOR_ARCHITECTURE=AMD64, DRIVERDATA=C:\Windows\System32\Drivers\DriverData, PROGRAMFILES=C:\Program Files, APPDATA=C:\Users\Administrator\AppData\Roaming, PSMODULEPATH=C:\Program Files\WindowsPowerShell\Modules;C:\Windows\system32\WindowsPowerShell\v1.0\Modules, PROGRAMW6432=C:\Program Files, PROGRAMDATA=C:\ProgramData, SYSTEMROOT=C:\Windows, USERNAME=Administrator, FPS_BROWSER_USER_PROFILE_STRING=Default, ONEDRIVE=C:\Users\Administrator\OneDrive, PATHEXT=.COM;.EXE;.BAT;.CMD;.VBS;.VBE;.JS;.JSE;.WSF;.WSH;.MSC, OS=Windows_NT, COMMONPROGRAMW6432=C:\Program Files\Common Files, COMPUTERNAME=KR1GRFQ2QND9DNC, COMMONPROGRAMFILES=C:\Program Files\Common Files, COMSPEC=C:\Windows\system32\cmd.exe, PROCESSOR_REVISION=8e0a, WINDIR=C:\Windows, =D:=D:\workspace\code\activitiDemo, HOMEPATH=\Users\Administrator, TEMP=C:\Users\ADMINI~1\AppData\Local\Temp, HOMEDRIVE=C:, PROCESSOR_IDENTIFIER=Intel64 Family 6 Model 142 Stepping 10, GenuineIntel, USERPROFILE=C:\Users\Administrator, TMP=C:\Users\ADMINI~1\AppData\Local\Temp, PUBLIC=C:\Users\Public, NUMBER_OF_PROCESSORS=8, =::=::\}}]
10:02:55.814 [main] DEBUG org.springframework.core.io.support.PathMatchingResourcePatternResolver - Resolved classpath location [net/itxw/activitiDemo/] to resources [URL [file:/D:/workspace/code/activitiDemo/target/test-classes/net/itxw/activitiDemo/], URL [file:/D:/workspace/code/activitiDemo/target/classes/net/itxw/activitiDemo/]]
10:02:55.815 [main] DEBUG org.springframework.core.io.support.PathMatchingResourcePatternResolver - Looking for matching resources in directory tree [D:\workspace\code\activitiDemo\target\test-classes\net\itxw\activitiDemo]
10:02:55.815 [main] DEBUG org.springframework.core.io.support.PathMatchingResourcePatternResolver - Searching directory [D:\workspace\code\activitiDemo\target\test-classes\net\itxw\activitiDemo] for files matching pattern [D:/workspace/code/activitiDemo/target/test-classes/net/itxw/activitiDemo/*.class]
10:02:55.819 [main] DEBUG org.springframework.core.io.support.PathMatchingResourcePatternResolver - Looking for matching resources in directory tree [D:\workspace\code\activitiDemo\target\classes\net\itxw\activitiDemo]
10:02:55.820 [main] DEBUG org.springframework.core.io.support.PathMatchingResourcePatternResolver - Searching directory [D:\workspace\code\activitiDemo\target\classes\net\itxw\activitiDemo] for files matching pattern [D:/workspace/code/activitiDemo/target/classes/net/itxw/activitiDemo/*.class]
10:02:55.820 [main] DEBUG org.springframework.core.io.support.PathMatchingResourcePatternResolver - Resolved location pattern [classpath*:net/itxw/activitiDemo/*.class] to resources [file [D:\workspace\code\activitiDemo\target\test-classes\net\itxw\activitiDemo\ActivitiDemoApplicationTests.class], file [D:\workspace\code\activitiDemo\target\classes\net\itxw\activitiDemo\ActivitiDemoApplication.class]]
10:02:56.005 [main] DEBUG org.springframework.context.annotation.ClassPathScanningCandidateComponentProvider - Identified candidate component class: file [D:\workspace\code\activitiDemo\target\classes\net\itxw\activitiDemo\ActivitiDemoApplication.class]
10:02:56.007 [main] INFO org.springframework.boot.test.context.SpringBootTestContextBootstrapper - Found @SpringBootConfiguration net.itxw.activitiDemo.ActivitiDemoApplication for test class net.itxw.activitiDemo.ActivitiDemoApplicationTests
10:02:56.222 [main] DEBUG org.springframework.boot.test.context.SpringBootTestContextBootstrapper - @TestExecutionListeners is not present for class [net.itxw.activitiDemo.ActivitiDemoApplicationTests]: using defaults.
10:02:56.223 [main] INFO org.springframework.boot.test.context.SpringBootTestContextBootstrapper - Loaded default TestExecutionListener class names from location [META-INF/spring.factories]: [org.springframework.boot.test.mock.mockito.MockitoTestExecutionListener, org.springframework.boot.test.mock.mockito.ResetMocksTestExecutionListener, org.springframework.boot.test.autoconfigure.restdocs.RestDocsTestExecutionListener, org.springframework.boot.test.autoconfigure.web.client.MockRestServiceServerResetTestExecutionListener, org.springframework.boot.test.autoconfigure.web.servlet.MockMvcPrintOnlyOnFailureTestExecutionListener, org.springframework.boot.test.autoconfigure.web.servlet.WebDriverTestExecutionListener, org.springframework.test.context.web.ServletTestExecutionListener, org.springframework.test.context.support.DirtiesContextBeforeModesTestExecutionListener, org.springframework.test.context.support.DependencyInjectionTestExecutionListener, org.springframework.test.context.support.DirtiesContextTestExecutionListener, org.springframework.test.context.transaction.TransactionalTestExecutionListener, org.springframework.test.context.jdbc.SqlScriptsTestExecutionListener]
10:02:56.256 [main] INFO org.springframework.boot.test.context.SpringBootTestContextBootstrapper - Using TestExecutionListeners: [org.springframework.test.context.web.ServletTestExecutionListener@1d8bd0de, org.springframework.test.context.support.DirtiesContextBeforeModesTestExecutionListener@45ca843, org.springframework.boot.test.mock.mockito.MockitoTestExecutionListener@11c9af63, org.springframework.boot.test.autoconfigure.SpringBootDependencyInjectionTestExecutionListener@757acd7b, org.springframework.test.context.support.DirtiesContextTestExecutionListener@36b4fe2a, org.springframework.test.context.transaction.TransactionalTestExecutionListener@574b560f, org.springframework.test.context.jdbc.SqlScriptsTestExecutionListener@ba54932, org.springframework.boot.test.mock.mockito.ResetMocksTestExecutionListener@28975c28, org.springframework.boot.test.autoconfigure.restdocs.RestDocsTestExecutionListener@3943a2be, org.springframework.boot.test.autoconfigure.web.client.MockRestServiceServerResetTestExecutionListener@343570b7, org.springframework.boot.test.autoconfigure.web.servlet.MockMvcPrintOnlyOnFailureTestExecutionListener@157853da, org.springframework.boot.test.autoconfigure.web.servlet.WebDriverTestExecutionListener@71c3b41]
10:02:56.266 [main] DEBUG org.springframework.test.annotation.ProfileValueUtils - Retrieved @ProfileValueSourceConfiguration [null] for test class [net.itxw.activitiDemo.ActivitiDemoApplicationTests]
10:02:56.267 [main] DEBUG org.springframework.test.annotation.ProfileValueUtils - Retrieved ProfileValueSource type [class org.springframework.test.annotation.SystemProfileValueSource] for class [net.itxw.activitiDemo.ActivitiDemoApplicationTests]
10:02:56.272 [main] DEBUG org.springframework.test.annotation.ProfileValueUtils - Retrieved @ProfileValueSourceConfiguration [null] for test class [net.itxw.activitiDemo.ActivitiDemoApplicationTests]
10:02:56.273 [main] DEBUG org.springframework.test.annotation.ProfileValueUtils - Retrieved ProfileValueSource type [class org.springframework.test.annotation.SystemProfileValueSource] for class [net.itxw.activitiDemo.ActivitiDemoApplicationTests]
10:02:56.275 [main] DEBUG org.springframework.test.annotation.ProfileValueUtils - Retrieved @ProfileValueSourceConfiguration [null] for test class [net.itxw.activitiDemo.ActivitiDemoApplicationTests]
10:02:56.275 [main] DEBUG org.springframework.test.annotation.ProfileValueUtils - Retrieved ProfileValueSource type [class org.springframework.test.annotation.SystemProfileValueSource] for class [net.itxw.activitiDemo.ActivitiDemoApplicationTests]
10:02:56.282 [main] DEBUG org.springframework.test.context.support.AbstractDirtiesContextTestExecutionListener - Before test class: context [DefaultTestContext@2525ff7e testClass = ActivitiDemoApplicationTests, testInstance = [null], testMethod = [null], testException = [null], mergedContextConfiguration = [WebMergedContextConfiguration@524d6d96 testClass = ActivitiDemoApplicationTests, locations = '{}', classes = '{class net.itxw.activitiDemo.ActivitiDemoApplication}', contextInitializerClasses = '[]', activeProfiles = '{}', propertySourceLocations = '{}', propertySourceProperties = '{org.springframework.boot.test.context.SpringBootTestContextBootstrapper=true}', contextCustomizers = set[org.springframework.boot.test.context.filter.ExcludeFilterContextCustomizer@17baae6e, org.springframework.boot.test.json.DuplicateJsonObjectContextCustomizerFactory$DuplicateJsonObjectContextCustomizer@5f71c76a, org.springframework.boot.test.mock.mockito.MockitoContextCustomizer@0, org.springframework.boot.test.web.client.TestRestTemplateContextCustomizer@1188e820, org.springframework.boot.test.autoconfigure.properties.PropertyMappingContextCustomizer@0, org.springframework.boot.test.autoconfigure.web.servlet.WebDriverContextCustomizerFactory$Customizer@12028586], resourceBasePath = 'src/main/webapp', contextLoader = 'org.springframework.boot.test.context.SpringBootContextLoader', parent = [null]], attributes = map['org.springframework.test.context.web.ServletTestExecutionListener.activateListener' -> true]], class annotated with @DirtiesContext [false] with mode [null].
10:02:56.285 [main] DEBUG org.springframework.test.annotation.ProfileValueUtils - Retrieved @ProfileValueSourceConfiguration [null] for test class [net.itxw.activitiDemo.ActivitiDemoApplicationTests]
10:02:56.285 [main] DEBUG org.springframework.test.annotation.ProfileValueUtils - Retrieved ProfileValueSource type [class org.springframework.test.annotation.SystemProfileValueSource] for class [net.itxw.activitiDemo.ActivitiDemoApplicationTests]
10:02:56.322 [main] DEBUG org.springframework.core.env.StandardEnvironment - Adding PropertySource 'systemProperties' with lowest search precedence
10:02:56.322 [main] DEBUG org.springframework.core.env.StandardEnvironment - Adding PropertySource 'systemEnvironment' with lowest search precedence
10:02:56.322 [main] DEBUG org.springframework.core.env.StandardEnvironment - Initialized StandardEnvironment with PropertySources [MapPropertySource@16868310 {name='systemProperties', properties={idea.version=2018.2.2, java.runtime.name=Java(TM) SE Runtime Environment, sun.boot.library.path=D:\Program Files\Java\jdk1.8.0_181\jre\bin, java.vm.version=25.181-b13, java.vm.vendor=Oracle Corporation, java.vendor.url=http://java.oracle.com/, path.separator=;, java.vm.name=Java HotSpot(TM) 64-Bit Server VM, file.encoding.pkg=sun.io, user.country=CN, user.script=, sun.java.launcher=SUN_STANDARD, sun.os.patch.level=, java.vm.specification.name=Java Virtual Machine Specification, user.dir=D:\workspace\code\activitiDemo, java.runtime.version=1.8.0_181-b13, basedir=D:\workspace\code\activitiDemo, java.awt.graphicsenv=sun.awt.Win32GraphicsEnvironment, java.endorsed.dirs=D:\Program Files\Java\jdk1.8.0_181\jre\lib\endorsed, os.arch=amd64, surefire.real.class.path=C:\Users\ADMINI~1\AppData\Local\Temp\surefire4727661281107605138\surefirebooter5904937750270274328.jar, java.io.tmpdir=C:\Users\ADMINI~1\AppData\Local\Temp\, line.separator=
, java.vm.specification.vendor=Oracle Corporation, user.variant=, os.name=Windows 10, sun.jnu.encoding=GBK, java.library.path=D:\Program Files\Java\jdk1.8.0_181\jre\bin;C:\Windows\Sun\Java\bin;C:\Windows\system32;C:\Windows;C:\Program Files (x86)\Common Files\Oracle\Java\javapath;C:\Program Files (x86)\Intel\Intel(R) Management Engine Components\iCLS\;C:\Program Files\Intel\Intel(R) Management Engine Components\iCLS\;C:\Windows\system32;C:\Windows;C:\Windows\System32\Wbem;C:\Windows\System32\WindowsPowerShell\v1.0\;C:\Windows\System32\OpenSSH\;C:\Program Files (x86)\Intel\Intel(R) Management Engine Components\DAL;C:\Program Files\Intel\Intel(R) Management Engine Components\DAL;C:\Program Files (x86)\Intel\Intel(R) Management Engine Components\IPT;C:\Program Files\Intel\Intel(R) Management Engine Components\IPT;C:\Program Files\Intel\WiFi\bin\;C:\Program Files\Common Files\Intel\WirelessCommon\;C:\Program Files (x86)\NVIDIA Corporation\PhysX\Common;C:\Users\Administrator\AppData\Local\Microsoft\WindowsApps;;., surefire.test.class.path=D:\workspace\code\activitiDemo\target\test-classes;D:\workspace\code\activitiDemo\target\classes;D:\workspace\mavenRepository\org\springframework\boot\spring-boot-starter\2.0.4.RELEASE\spring-boot-starter-2.0.4.RELEASE.jar;D:\workspace\mavenRepository\org\springframework\boot\spring-boot\2.0.4.RELEASE\spring-boot-2.0.4.RELEASE.jar;D:\workspace\mavenRepository\org\springframework\spring-context\5.0.8.RELEASE\spring-context-5.0.8.RELEASE.jar;D:\workspace\mavenRepository\org\springframework\boot\spring-boot-autoconfigure\2.0.4.RELEASE\spring-boot-autoconfigure-2.0.4.RELEASE.jar;D:\workspace\mavenRepository\org\springframework\boot\spring-boot-starter-logging\2.0.4.RELEASE\spring-boot-starter-logging-2.0.4.RELEASE.jar;D:\workspace\mavenRepository\ch\qos\logback\logback-classic\1.2.3\logback-classic-1.2.3.jar;D:\workspace\mavenRepository\ch\qos\logback\logback-core\1.2.3\logback-core-1.2.3.jar;D:\workspace\mavenRepository\org\apache\logging\log4j\log4j-to-slf4j\2.10.0\log4j-to-slf4j-2.10.0.jar;D:\workspace\mavenRepository\org\apache\logging\log4j\log4j-api\2.10.0\log4j-api-2.10.0.jar;D:\workspace\mavenRepository\org\slf4j\jul-to-slf4j\1.7.25\jul-to-slf4j-1.7.25.jar;D:\workspace\mavenRepository\javax\annotation\javax.annotation-api\1.3.2\javax.annotation-api-1.3.2.jar;D:\workspace\mavenRepository\org\springframework\spring-core\5.0.8.RELEASE\spring-core-5.0.8.RELEASE.jar;D:\workspace\mavenRepository\org\springframework\spring-jcl\5.0.8.RELEASE\spring-jcl-5.0.8.RELEASE.jar;D:\workspace\mavenRepository\org\yaml\snakeyaml\1.19\snakeyaml-1.19.jar;D:\workspace\mavenRepository\org\springframework\boot\spring-boot-starter-web\2.0.4.RELEASE\spring-boot-starter-web-2.0.4.RELEASE.jar;D:\workspace\mavenRepository\org\springframework\boot\spring-boot-starter-json\2.0.4.RELEASE\spring-boot-starter-json-2.0.4.RELEASE.jar;D:\workspace\mavenRepository\com\fasterxml\jackson\core\jackson-databind\2.9.6\jackson-databind-2.9.6.jar;D:\workspace\mavenRepository\com\fasterxml\jackson\core\jackson-annotations\2.9.0\jackson-annotations-2.9.0.jar;D:\workspace\mavenRepository\com\fasterxml\jackson\core\jackson-core\2.9.6\jackson-core-2.9.6.jar;D:\workspace\mavenRepository\com\fasterxml\jackson\datatype\jackson-datatype-jdk8\2.9.6\jackson-datatype-jdk8-2.9.6.jar;D:\workspace\mavenRepository\com\fasterxml\jackson\datatype\jackson-datatype-jsr310\2.9.6\jackson-datatype-jsr310-2.9.6.jar;D:\workspace\mavenRepository\com\fasterxml\jackson\module\jackson-module-parameter-names\2.9.6\jackson-module-parameter-names-2.9.6.jar;D:\workspace\mavenRepository\org\springframework\boot\spring-boot-starter-tomcat\2.0.4.RELEASE\spring-boot-starter-tomcat-2.0.4.RELEASE.jar;D:\workspace\mavenRepository\org\apache\tomcat\embed\tomcat-embed-core\8.5.32\tomcat-embed-core-8.5.32.jar;D:\workspace\mavenRepository\org\apache\tomcat\embed\tomcat-embed-el\8.5.32\tomcat-embed-el-8.5.32.jar;D:\workspace\mavenRepository\org\apache\tomcat\embed\tomcat-embed-websocket\8.5.32\tomcat-embed-websocket-8.5.32.jar;D:\workspace\mavenRepository\org\hibernate\validator\hibernate-validator\6.0.11.Final\hibernate-validator-6.0.11.Final.jar;D:\workspace\mavenRepository\javax\validation\validation-api\2.0.1.Final\validation-api-2.0.1.Final.jar;D:\workspace\mavenRepository\org\jboss\logging\jboss-logging\3.3.2.Final\jboss-logging-3.3.2.Final.jar;D:\workspace\mavenRepository\com\fasterxml\classmate\1.3.4\classmate-1.3.4.jar;D:\workspace\mavenRepository\org\springframework\spring-web\5.0.8.RELEASE\spring-web-5.0.8.RELEASE.jar;D:\workspace\mavenRepository\org\springframework\spring-beans\5.0.8.RELEASE\spring-beans-5.0.8.RELEASE.jar;D:\workspace\mavenRepository\org\springframework\spring-webmvc\5.0.8.RELEASE\spring-webmvc-5.0.8.RELEASE.jar;D:\workspace\mavenRepository\org\springframework\spring-aop\5.0.8.RELEASE\spring-aop-5.0.8.RELEASE.jar;D:\workspace\mavenRepository\org\springframework\spring-expression\5.0.8.RELEASE\spring-expression-5.0.8.RELEASE.jar;D:\workspace\mavenRepository\org\springframework\boot\spring-boot-devtools\2.0.4.RELEASE\spring-boot-devtools-2.0.4.RELEASE.jar;D:\workspace\mavenRepository\org\projectlombok\lombok\1.16.22\lombok-1.16.22.jar;D:\workspace\mavenRepository\org\springframework\boot\spring-boot-starter-test\2.0.4.RELEASE\spring-boot-starter-test-2.0.4.RELEASE.jar;D:\workspace\mavenRepository\org\springframework\boot\spring-boot-test\2.0.4.RELEASE\spring-boot-test-2.0.4.RELEASE.jar;D:\workspace\mavenRepository\org\springframework\boot\spring-boot-test-autoconfigure\2.0.4.RELEASE\spring-boot-test-autoconfigure-2.0.4.RELEASE.jar;D:\workspace\mavenRepository\com\jayway\jsonpath\json-path\2.4.0\json-path-2.4.0.jar;D:\workspace\mavenRepository\net\minidev\json-smart\2.3\json-smart-2.3.jar;D:\workspace\mavenRepository\net\minidev\accessors-smart\1.2\accessors-smart-1.2.jar;D:\workspace\mavenRepository\org\ow2\asm\asm\5.0.4\asm-5.0.4.jar;D:\workspace\mavenRepository\junit\junit\4.12\junit-4.12.jar;D:\workspace\mavenRepository\org\assertj\assertj-core\3.9.1\assertj-core-3.9.1.jar;D:\workspace\mavenRepository\org\mockito\mockito-core\2.15.0\mockito-core-2.15.0.jar;D:\workspace\mavenRepository\net\bytebuddy\byte-buddy\1.7.11\byte-buddy-1.7.11.jar;D:\workspace\mavenRepository\net\bytebuddy\byte-buddy-agent\1.7.11\byte-buddy-agent-1.7.11.jar;D:\workspace\mavenRepository\org\objenesis\objenesis\2.6\objenesis-2.6.jar;D:\workspace\mavenRepository\org\hamcrest\hamcrest-core\1.3\hamcrest-core-1.3.jar;D:\workspace\mavenRepository\org\hamcrest\hamcrest-library\1.3\hamcrest-library-1.3.jar;D:\workspace\mavenRepository\org\skyscreamer\jsonassert\1.5.0\jsonassert-1.5.0.jar;D:\workspace\mavenRepository\com\vaadin\external\google\android-json\0.0.20131108.vaadin1\android-json-0.0.20131108.vaadin1.jar;D:\workspace\mavenRepository\org\springframework\spring-test\5.0.8.RELEASE\spring-test-5.0.8.RELEASE.jar;D:\workspace\mavenRepository\org\xmlunit\xmlunit-core\2.5.1\xmlunit-core-2.5.1.jar;D:\workspace\mavenRepository\org\mybatis\spring\boot\mybatis-spring-boot-starter\1.3.0\mybatis-spring-boot-starter-1.3.0.jar;D:\workspace\mavenRepository\org\springframework\boot\spring-boot-starter-jdbc\2.0.4.RELEASE\spring-boot-starter-jdbc-2.0.4.RELEASE.jar;D:\workspace\mavenRepository\com\zaxxer\HikariCP\2.7.9\HikariCP-2.7.9.jar;D:\workspace\mavenRepository\org\springframework\spring-jdbc\5.0.8.RELEASE\spring-jdbc-5.0.8.RELEASE.jar;D:\workspace\mavenRepository\org\mybatis\spring\boot\mybatis-spring-boot-autoconfigure\1.3.0\mybatis-spring-boot-autoconfigure-1.3.0.jar;D:\workspace\mavenRepository\org\mybatis\mybatis\3.4.4\mybatis-3.4.4.jar;D:\workspace\mavenRepository\org\mybatis\mybatis-spring\1.3.1\mybatis-spring-1.3.1.jar;D:\workspace\mavenRepository\mysql\mysql-connector-java\6.0.6\mysql-connector-java-6.0.6.jar;D:\workspace\mavenRepository\com\alibaba\druid-spring-boot-starter\1.1.10\druid-spring-boot-starter-1.1.10.jar;D:\workspace\mavenRepository\com\alibaba\druid\1.1.10\druid-1.1.10.jar;D:\workspace\mavenRepository\org\slf4j\slf4j-api\1.7.25\slf4j-api-1.7.25.jar;D:\workspace\mavenRepository\org\activiti\activiti-spring-boot-starter-basic\6.0.0\activiti-spring-boot-starter-basic-6.0.0.jar;D:\workspace\mavenRepository\org\activiti\activiti-engine\6.0.0\activiti-engine-6.0.0.jar;D:\workspace\mavenRepository\org\activiti\activiti-bpmn-converter\6.0.0\activiti-bpmn-converter-6.0.0.jar;D:\workspace\mavenRepository\org\activiti\activiti-bpmn-model\6.0.0\activiti-bpmn-model-6.0.0.jar;D:\workspace\mavenRepository\org\activiti\activiti-process-validation\6.0.0\activiti-process-validation-6.0.0.jar;D:\workspace\mavenRepository\org\activiti\activiti-image-generator\6.0.0\activiti-image-generator-6.0.0.jar;D:\workspace\mavenRepository\org\activiti\activiti-dmn-api\6.0.0\activiti-dmn-api-6.0.0.jar;D:\workspace\mavenRepository\org\activiti\activiti-dmn-model\6.0.0\activiti-dmn-model-6.0.0.jar;D:\workspace\mavenRepository\org\activiti\activiti-form-model\6.0.0\activiti-form-model-6.0.0.jar;D:\workspace\mavenRepository\org\activiti\activiti-form-api\6.0.0\activiti-form-api-6.0.0.jar;D:\workspace\mavenRepository\org\apache\commons\commons-email\1.4\commons-email-1.4.jar;D:\workspace\mavenRepository\com\sun\mail\javax.mail\1.6.1\javax.mail-1.6.1.jar;D:\workspace\mavenRepository\javax\activation\activation\1.1.1\activation-1.1.1.jar;D:\workspace\mavenRepository\org\apache\commons\commons-lang3\3.7\commons-lang3-3.7.jar;D:\workspace\mavenRepository\de\odysseus\juel\juel-api\2.2.7\juel-api-2.2.7.jar;D:\workspace\mavenRepository\de\odysseus\juel\juel-impl\2.2.7\juel-impl-2.2.7.jar;D:\workspace\mavenRepository\de\odysseus\juel\juel-spi\2.2.7\juel-spi-2.2.7.jar;D:\workspace\mavenRepository\joda-time\joda-time\2.9.9\joda-time-2.9.9.jar;D:\workspace\mavenRepository\org\slf4j\jcl-over-slf4j\1.7.25\jcl-over-slf4j-1.7.25.jar;D:\workspace\mavenRepository\org\activiti\activiti-spring\6.0.0\activiti-spring-6.0.0.jar;D:\workspace\mavenRepository\org\springframework\spring-tx\5.0.8.RELEASE\spring-tx-5.0.8.RELEASE.jar;D:\workspace\mavenRepository\org\springframework\spring-orm\5.0.8.RELEASE\spring-orm-5.0.8.RELEASE.jar;D:\workspace\mavenRepository\commons-dbcp\commons-dbcp\1.4\commons-dbcp-1.4.jar;D:\workspace\mavenRepository\commons-pool\commons-pool\1.6\commons-pool-1.6.jar;, java.specification.name=Java Platform API Specification, java.class.version=52.0, sun.management.compiler=HotSpot 64-Bit Tiered Compilers, os.version=10.0, user.home=C:\Users\Administrator, user.timezone=Asia/Shanghai, java.awt.printerjob=sun.awt.windows.WPrinterJob, file.encoding=GBK, java.specification.version=1.8, java.class.path=D:\workspace\code\activitiDemo\target\test-classes;D:\workspace\code\activitiDemo\target\classes;D:\workspace\mavenRepository\org\springframework\boot\spring-boot-starter\2.0.4.RELEASE\spring-boot-starter-2.0.4.RELEASE.jar;D:\workspace\mavenRepository\org\springframework\boot\spring-boot\2.0.4.RELEASE\spring-boot-2.0.4.RELEASE.jar;D:\workspace\mavenRepository\org\springframework\spring-context\5.0.8.RELEASE\spring-context-5.0.8.RELEASE.jar;D:\workspace\mavenRepository\org\springframework\boot\spring-boot-autoconfigure\2.0.4.RELEASE\spring-boot-autoconfigure-2.0.4.RELEASE.jar;D:\workspace\mavenRepository\org\springframework\boot\spring-boot-starter-logging\2.0.4.RELEASE\spring-boot-starter-logging-2.0.4.RELEASE.jar;D:\workspace\mavenRepository\ch\qos\logback\logback-classic\1.2.3\logback-classic-1.2.3.jar;D:\workspace\mavenRepository\ch\qos\logback\logback-core\1.2.3\logback-core-1.2.3.jar;D:\workspace\mavenRepository\org\apache\logging\log4j\log4j-to-slf4j\2.10.0\log4j-to-slf4j-2.10.0.jar;D:\workspace\mavenRepository\org\apache\logging\log4j\log4j-api\2.10.0\log4j-api-2.10.0.jar;D:\workspace\mavenRepository\org\slf4j\jul-to-slf4j\1.7.25\jul-to-slf4j-1.7.25.jar;D:\workspace\mavenRepository\javax\annotation\javax.annotation-api\1.3.2\javax.annotation-api-1.3.2.jar;D:\workspace\mavenRepository\org\springframework\spring-core\5.0.8.RELEASE\spring-core-5.0.8.RELEASE.jar;D:\workspace\mavenRepository\org\springframework\spring-jcl\5.0.8.RELEASE\spring-jcl-5.0.8.RELEASE.jar;D:\workspace\mavenRepository\org\yaml\snakeyaml\1.19\snakeyaml-1.19.jar;D:\workspace\mavenRepository\org\springframework\boot\spring-boot-starter-web\2.0.4.RELEASE\spring-boot-starter-web-2.0.4.RELEASE.jar;D:\workspace\mavenRepository\org\springframework\boot\spring-boot-starter-json\2.0.4.RELEASE\spring-boot-starter-json-2.0.4.RELEASE.jar;D:\workspace\mavenRepository\com\fasterxml\jackson\core\jackson-databind\2.9.6\jackson-databind-2.9.6.jar;D:\workspace\mavenRepository\com\fasterxml\jackson\core\jackson-annotations\2.9.0\jackson-annotations-2.9.0.jar;D:\workspace\mavenRepository\com\fasterxml\jackson\core\jackson-core\2.9.6\jackson-core-2.9.6.jar;D:\workspace\mavenRepository\com\fasterxml\jackson\datatype\jackson-datatype-jdk8\2.9.6\jackson-datatype-jdk8-2.9.6.jar;D:\workspace\mavenRepository\com\fasterxml\jackson\datatype\jackson-datatype-jsr310\2.9.6\jackson-datatype-jsr310-2.9.6.jar;D:\workspace\mavenRepository\com\fasterxml\jackson\module\jackson-module-parameter-names\2.9.6\jackson-module-parameter-names-2.9.6.jar;D:\workspace\mavenRepository\org\springframework\boot\spring-boot-starter-tomcat\2.0.4.RELEASE\spring-boot-starter-tomcat-2.0.4.RELEASE.jar;D:\workspace\mavenRepository\org\apache\tomcat\embed\tomcat-embed-core\8.5.32\tomcat-embed-core-8.5.32.jar;D:\workspace\mavenRepository\org\apache\tomcat\embed\tomcat-embed-el\8.5.32\tomcat-embed-el-8.5.32.jar;D:\workspace\mavenRepository\org\apache\tomcat\embed\tomcat-embed-websocket\8.5.32\tomcat-embed-websocket-8.5.32.jar;D:\workspace\mavenRepository\org\hibernate\validator\hibernate-validator\6.0.11.Final\hibernate-validator-6.0.11.Final.jar;D:\workspace\mavenRepository\javax\validation\validation-api\2.0.1.Final\validation-api-2.0.1.Final.jar;D:\workspace\mavenRepository\org\jboss\logging\jboss-logging\3.3.2.Final\jboss-logging-3.3.2.Final.jar;D:\workspace\mavenRepository\com\fasterxml\classmate\1.3.4\classmate-1.3.4.jar;D:\workspace\mavenRepository\org\springframework\spring-web\5.0.8.RELEASE\spring-web-5.0.8.RELEASE.jar;D:\workspace\mavenRepository\org\springframework\spring-beans\5.0.8.RELEASE\spring-beans-5.0.8.RELEASE.jar;D:\workspace\mavenRepository\org\springframework\spring-webmvc\5.0.8.RELEASE\spring-webmvc-5.0.8.RELEASE.jar;D:\workspace\mavenRepository\org\springframework\spring-aop\5.0.8.RELEASE\spring-aop-5.0.8.RELEASE.jar;D:\workspace\mavenRepository\org\springframework\spring-expression\5.0.8.RELEASE\spring-expression-5.0.8.RELEASE.jar;D:\workspace\mavenRepository\org\springframework\boot\spring-boot-devtools\2.0.4.RELEASE\spring-boot-devtools-2.0.4.RELEASE.jar;D:\workspace\mavenRepository\org\projectlombok\lombok\1.16.22\lombok-1.16.22.jar;D:\workspace\mavenRepository\org\springframework\boot\spring-boot-starter-test\2.0.4.RELEASE\spring-boot-starter-test-2.0.4.RELEASE.jar;D:\workspace\mavenRepository\org\springframework\boot\spring-boot-test\2.0.4.RELEASE\spring-boot-test-2.0.4.RELEASE.jar;D:\workspace\mavenRepository\org\springframework\boot\spring-boot-test-autoconfigure\2.0.4.RELEASE\spring-boot-test-autoconfigure-2.0.4.RELEASE.jar;D:\workspace\mavenRepository\com\jayway\jsonpath\json-path\2.4.0\json-path-2.4.0.jar;D:\workspace\mavenRepository\net\minidev\json-smart\2.3\json-smart-2.3.jar;D:\workspace\mavenRepository\net\minidev\accessors-smart\1.2\accessors-smart-1.2.jar;D:\workspace\mavenRepository\org\ow2\asm\asm\5.0.4\asm-5.0.4.jar;D:\workspace\mavenRepository\junit\junit\4.12\junit-4.12.jar;D:\workspace\mavenRepository\org\assertj\assertj-core\3.9.1\assertj-core-3.9.1.jar;D:\workspace\mavenRepository\org\mockito\mockito-core\2.15.0\mockito-core-2.15.0.jar;D:\workspace\mavenRepository\net\bytebuddy\byte-buddy\1.7.11\byte-buddy-1.7.11.jar;D:\workspace\mavenRepository\net\bytebuddy\byte-buddy-agent\1.7.11\byte-buddy-agent-1.7.11.jar;D:\workspace\mavenRepository\org\objenesis\objenesis\2.6\objenesis-2.6.jar;D:\workspace\mavenRepository\org\hamcrest\hamcrest-core\1.3\hamcrest-core-1.3.jar;D:\workspace\mavenRepository\org\hamcrest\hamcrest-library\1.3\hamcrest-library-1.3.jar;D:\workspace\mavenRepository\org\skyscreamer\jsonassert\1.5.0\jsonassert-1.5.0.jar;D:\workspace\mavenRepository\com\vaadin\external\google\android-json\0.0.20131108.vaadin1\android-json-0.0.20131108.vaadin1.jar;D:\workspace\mavenRepository\org\springframework\spring-test\5.0.8.RELEASE\spring-test-5.0.8.RELEASE.jar;D:\workspace\mavenRepository\org\xmlunit\xmlunit-core\2.5.1\xmlunit-core-2.5.1.jar;D:\workspace\mavenRepository\org\mybatis\spring\boot\mybatis-spring-boot-starter\1.3.0\mybatis-spring-boot-starter-1.3.0.jar;D:\workspace\mavenRepository\org\springframework\boot\spring-boot-starter-jdbc\2.0.4.RELEASE\spring-boot-starter-jdbc-2.0.4.RELEASE.jar;D:\workspace\mavenRepository\com\zaxxer\HikariCP\2.7.9\HikariCP-2.7.9.jar;D:\workspace\mavenRepository\org\springframework\spring-jdbc\5.0.8.RELEASE\spring-jdbc-5.0.8.RELEASE.jar;D:\workspace\mavenRepository\org\mybatis\spring\boot\mybatis-spring-boot-autoconfigure\1.3.0\mybatis-spring-boot-autoconfigure-1.3.0.jar;D:\workspace\mavenRepository\org\mybatis\mybatis\3.4.4\mybatis-3.4.4.jar;D:\workspace\mavenRepository\org\mybatis\mybatis-spring\1.3.1\mybatis-spring-1.3.1.jar;D:\workspace\mavenRepository\mysql\mysql-connector-java\6.0.6\mysql-connector-java-6.0.6.jar;D:\workspace\mavenRepository\com\alibaba\druid-spring-boot-starter\1.1.10\druid-spring-boot-starter-1.1.10.jar;D:\workspace\mavenRepository\com\alibaba\druid\1.1.10\druid-1.1.10.jar;D:\workspace\mavenRepository\org\slf4j\slf4j-api\1.7.25\slf4j-api-1.7.25.jar;D:\workspace\mavenRepository\org\activiti\activiti-spring-boot-starter-basic\6.0.0\activiti-spring-boot-starter-basic-6.0.0.jar;D:\workspace\mavenRepository\org\activiti\activiti-engine\6.0.0\activiti-engine-6.0.0.jar;D:\workspace\mavenRepository\org\activiti\activiti-bpmn-converter\6.0.0\activiti-bpmn-converter-6.0.0.jar;D:\workspace\mavenRepository\org\activiti\activiti-bpmn-model\6.0.0\activiti-bpmn-model-6.0.0.jar;D:\workspace\mavenRepository\org\activiti\activiti-process-validation\6.0.0\activiti-process-validation-6.0.0.jar;D:\workspace\mavenRepository\org\activiti\activiti-image-generator\6.0.0\activiti-image-generator-6.0.0.jar;D:\workspace\mavenRepository\org\activiti\activiti-dmn-api\6.0.0\activiti-dmn-api-6.0.0.jar;D:\workspace\mavenRepository\org\activiti\activiti-dmn-model\6.0.0\activiti-dmn-model-6.0.0.jar;D:\workspace\mavenRepository\org\activiti\activiti-form-model\6.0.0\activiti-form-model-6.0.0.jar;D:\workspace\mavenRepository\org\activiti\activiti-form-api\6.0.0\activiti-form-api-6.0.0.jar;D:\workspace\mavenRepository\org\apache\commons\commons-email\1.4\commons-email-1.4.jar;D:\workspace\mavenRepository\com\sun\mail\javax.mail\1.6.1\javax.mail-1.6.1.jar;D:\workspace\mavenRepository\javax\activation\activation\1.1.1\activation-1.1.1.jar;D:\workspace\mavenRepository\org\apache\commons\commons-lang3\3.7\commons-lang3-3.7.jar;D:\workspace\mavenRepository\de\odysseus\juel\juel-api\2.2.7\juel-api-2.2.7.jar;D:\workspace\mavenRepository\de\odysseus\juel\juel-impl\2.2.7\juel-impl-2.2.7.jar;D:\workspace\mavenRepository\de\odysseus\juel\juel-spi\2.2.7\juel-spi-2.2.7.jar;D:\workspace\mavenRepository\joda-time\joda-time\2.9.9\joda-time-2.9.9.jar;D:\workspace\mavenRepository\org\slf4j\jcl-over-slf4j\1.7.25\jcl-over-slf4j-1.7.25.jar;D:\workspace\mavenRepository\org\activiti\activiti-spring\6.0.0\activiti-spring-6.0.0.jar;D:\workspace\mavenRepository\org\springframework\spring-tx\5.0.8.RELEASE\spring-tx-5.0.8.RELEASE.jar;D:\workspace\mavenRepository\org\springframework\spring-orm\5.0.8.RELEASE\spring-orm-5.0.8.RELEASE.jar;D:\workspace\mavenRepository\commons-dbcp\commons-dbcp\1.4\commons-dbcp-1.4.jar;D:\workspace\mavenRepository\commons-pool\commons-pool\1.6\commons-pool-1.6.jar;, user.name=Administrator, java.vm.specification.version=1.8, sun.java.command=C:\Users\ADMINI~1\AppData\Local\Temp\surefire4727661281107605138\surefirebooter5904937750270274328.jar C:\Users\Administrator\AppData\Local\Temp\surefire4727661281107605138 2018-09-05T10-02-53_970-jvmRun1 surefire2262983238048992324tmp surefire_02859821421813464750tmp, java.home=D:\Program Files\Java\jdk1.8.0_181\jre, sun.arch.data.model=64, user.language=zh, java.specification.vendor=Oracle Corporation, awt.toolkit=sun.awt.windows.WToolkit, java.vm.info=mixed mode, java.version=1.8.0_181, java.ext.dirs=D:\Program Files\Java\jdk1.8.0_181\jre\lib\ext;C:\Windows\Sun\Java\lib\ext, sun.boot.class.path=D:\Program Files\Java\jdk1.8.0_181\jre\lib\resources.jar;D:\Program Files\Java\jdk1.8.0_181\jre\lib\rt.jar;D:\Program Files\Java\jdk1.8.0_181\jre\lib\sunrsasign.jar;D:\Program Files\Java\jdk1.8.0_181\jre\lib\jsse.jar;D:\Program Files\Java\jdk1.8.0_181\jre\lib\jce.jar;D:\Program Files\Java\jdk1.8.0_181\jre\lib\charsets.jar;D:\Program Files\Java\jdk1.8.0_181\jre\lib\jfr.jar;D:\Program Files\Java\jdk1.8.0_181\jre\classes, java.vendor=Oracle Corporation, localRepository=D:\workspace\mavenRepository, file.separator=\, java.vendor.url.bug=http://bugreport.sun.com/bugreport/, sun.io.unicode.encoding=UnicodeLittle, sun.cpu.endian=little, sun.desktop=windows, sun.cpu.isalist=amd64}}, SystemEnvironmentPropertySource@769530879 {name='systemEnvironment', properties={PATH=C:\Program Files (x86)\Common Files\Oracle\Java\javapath;C:\Program Files (x86)\Intel\Intel(R) Management Engine Components\iCLS\;C:\Program Files\Intel\Intel(R) Management Engine Components\iCLS\;C:\Windows\system32;C:\Windows;C:\Windows\System32\Wbem;C:\Windows\System32\WindowsPowerShell\v1.0\;C:\Windows\System32\OpenSSH\;C:\Program Files (x86)\Intel\Intel(R) Management Engine Components\DAL;C:\Program Files\Intel\Intel(R) Management Engine Components\DAL;C:\Program Files (x86)\Intel\Intel(R) Management Engine Components\IPT;C:\Program Files\Intel\Intel(R) Management Engine Components\IPT;C:\Program Files\Intel\WiFi\bin\;C:\Program Files\Common Files\Intel\WirelessCommon\;C:\Program Files (x86)\NVIDIA Corporation\PhysX\Common;C:\Users\Administrator\AppData\Local\Microsoft\WindowsApps;, USERDOMAIN_ROAMINGPROFILE=KR1GRFQ2QND9DNC, LOCALAPPDATA=C:\Users\Administrator\AppData\Local, PROCESSOR_LEVEL=6, SYSTEMDRIVE=C:, COMMONPROGRAMFILES(X86)=C:\Program Files (x86)\Common Files, USERDOMAIN=KR1GRFQ2QND9DNC, FPS_BROWSER_APP_PROFILE_STRING=Internet Explorer, LOGONSERVER=\\KR1GRFQ2QND9DNC, PROMPT=$P$G, SESSIONNAME=Console, ALLUSERSPROFILE=C:\ProgramData, PROGRAMFILES(X86)=C:\Program Files (x86), PROCESSOR_ARCHITECTURE=AMD64, DRIVERDATA=C:\Windows\System32\Drivers\DriverData, PROGRAMFILES=C:\Program Files, APPDATA=C:\Users\Administrator\AppData\Roaming, PSMODULEPATH=C:\Program Files\WindowsPowerShell\Modules;C:\Windows\system32\WindowsPowerShell\v1.0\Modules, PROGRAMW6432=C:\Program Files, PROGRAMDATA=C:\ProgramData, SYSTEMROOT=C:\Windows, USERNAME=Administrator, FPS_BROWSER_USER_PROFILE_STRING=Default, ONEDRIVE=C:\Users\Administrator\OneDrive, PATHEXT=.COM;.EXE;.BAT;.CMD;.VBS;.VBE;.JS;.JSE;.WSF;.WSH;.MSC, OS=Windows_NT, COMMONPROGRAMW6432=C:\Program Files\Common Files, COMPUTERNAME=KR1GRFQ2QND9DNC, COMMONPROGRAMFILES=C:\Program Files\Common Files, COMSPEC=C:\Windows\system32\cmd.exe, PROCESSOR_REVISION=8e0a, WINDIR=C:\Windows, =D:=D:\workspace\code\activitiDemo, HOMEPATH=\Users\Administrator, TEMP=C:\Users\ADMINI~1\AppData\Local\Temp, HOMEDRIVE=C:, PROCESSOR_IDENTIFIER=Intel64 Family 6 Model 142 Stepping 10, GenuineIntel, USERPROFILE=C:\Users\Administrator, TMP=C:\Users\ADMINI~1\AppData\Local\Temp, PUBLIC=C:\Users\Public, NUMBER_OF_PROCESSORS=8, =::=::\}}]
10:02:56.327 [main] DEBUG org.springframework.test.context.support.TestPropertySourceUtils - Adding inlined properties to environment: {spring.jmx.enabled=false, org.springframework.boot.test.context.SpringBootTestContextBootstrapper=true, server.port=-1}
10:02:56.327 [main] DEBUG org.springframework.core.env.StandardEnvironment - Adding PropertySource 'Inlined Test Properties' with highest search precedence

  .   ____          _            __ _ _
 /\\ / ___'_ __ _ _(_)_ __  __ _ \ \ \ \
( ( )\___ | '_ | '_| | '_ \/ _` | \ \ \ \
 \\/  ___)| |_)| | | | | || (_| |  ) ) ) )
  '  |____| .__|_| |_|_| |_\__, | / / / /
 =========|_|==============|___/=/_/_/_/
 :: Spring Boot ::        (v2.0.4.RELEASE)

2018-09-05 10:02:56.696  INFO 6440 --- [           main] n.i.a.ActivitiDemoApplicationTests       : Starting ActivitiDemoApplicationTests on KR1GRFQ2QND9DNC with PID 6440 (started by Administrator in D:\workspace\code\activitiDemo)
2018-09-05 10:02:56.698  INFO 6440 --- [           main] n.i.a.ActivitiDemoApplicationTests       : No active profile set, falling back to default profiles: default
2018-09-05 10:02:56.732  INFO 6440 --- [           main] o.s.w.c.s.GenericWebApplicationContext   : Refreshing org.springframework.web.context.support.GenericWebApplicationContext@7fc4780b: startup date [Wed Sep 05 10:02:56 CST 2018]; root of context hierarchy
2018-09-05 10:02:57.398  WARN 6440 --- [           main] o.m.s.mapper.ClassPathMapperScanner      : No MyBatis mapper was found in '[net.itxw.activitiDemo]' package. Please check your configuration.
2018-09-05 10:02:57.681  INFO 6440 --- [           main] o.s.core.annotation.AnnotationUtils      : Failed to introspect annotations on class org.activiti.spring.boot.SecurityAutoConfiguration$$EnhancerBySpringCGLIB$$d9229d6b: java.lang.ArrayStoreException: sun.reflect.annotation.TypeNotPresentExceptionProxy
2018-09-05 10:02:57.682  INFO 6440 --- [           main] o.s.core.annotation.AnnotationUtils      : Failed to introspect annotations on class org.activiti.spring.boot.SecurityAutoConfiguration: java.lang.ArrayStoreException: sun.reflect.annotation.TypeNotPresentExceptionProxy
2018-09-05 10:02:57.682  INFO 6440 --- [           main] o.s.core.annotation.AnnotationUtils      : Failed to introspect annotations on class org.activiti.spring.boot.SecurityAutoConfiguration: java.lang.ArrayStoreException: sun.reflect.annotation.TypeNotPresentExceptionProxy
2018-09-05 10:02:57.682  INFO 6440 --- [           main] o.s.core.annotation.AnnotationUtils      : Failed to introspect annotations on class org.activiti.spring.boot.SecurityAutoConfiguration$$EnhancerBySpringCGLIB$$d9229d6b: java.lang.ArrayStoreException: sun.reflect.annotation.TypeNotPresentExceptionProxy
2018-09-05 10:02:57.683  INFO 6440 --- [           main] o.s.core.annotation.AnnotationUtils      : Failed to introspect annotations on class org.activiti.spring.boot.SecurityAutoConfiguration: java.lang.ArrayStoreException: sun.reflect.annotation.TypeNotPresentExceptionProxy
2018-09-05 10:02:57.683  INFO 6440 --- [           main] o.s.core.annotation.AnnotationUtils      : Failed to introspect annotations on class org.activiti.spring.boot.SecurityAutoConfiguration: java.lang.ArrayStoreException: sun.reflect.annotation.TypeNotPresentExceptionProxy
2018-09-05 10:02:58.207  INFO 6440 --- [           main] o.s.w.s.handler.SimpleUrlHandlerMapping  : Mapped URL path [/**/favicon.ico] onto handler of type [class org.springframework.web.servlet.resource.ResourceHttpRequestHandler]
2018-09-05 10:02:58.346  INFO 6440 --- [           main] o.s.core.annotation.AnnotationUtils      : Failed to introspect annotations on class org.activiti.spring.boot.SecurityAutoConfiguration$$EnhancerBySpringCGLIB$$d9229d6b: java.lang.ArrayStoreException: sun.reflect.annotation.TypeNotPresentExceptionProxy
2018-09-05 10:02:58.347  INFO 6440 --- [           main] o.s.core.annotation.AnnotationUtils      : Failed to introspect annotations on class org.activiti.spring.boot.SecurityAutoConfiguration$$EnhancerBySpringCGLIB$$d9229d6b: java.lang.ArrayStoreException: sun.reflect.annotation.TypeNotPresentExceptionProxy
2018-09-05 10:02:58.427  INFO 6440 --- [           main] s.w.s.m.m.a.RequestMappingHandlerAdapter : Looking for @ControllerAdvice: org.springframework.web.context.support.GenericWebApplicationContext@7fc4780b: startup date [Wed Sep 05 10:02:56 CST 2018]; root of context hierarchy
2018-09-05 10:02:58.430  INFO 6440 --- [           main] o.s.core.annotation.AnnotationUtils      : Failed to introspect annotations on class org.activiti.spring.boot.SecurityAutoConfiguration$$EnhancerBySpringCGLIB$$d9229d6b: java.lang.ArrayStoreException: sun.reflect.annotation.TypeNotPresentExceptionProxy
2018-09-05 10:02:58.431  INFO 6440 --- [           main] o.s.core.annotation.AnnotationUtils      : Failed to introspect annotations on class org.activiti.spring.boot.SecurityAutoConfiguration$$EnhancerBySpringCGLIB$$d9229d6b: java.lang.ArrayStoreException: sun.reflect.annotation.TypeNotPresentExceptionProxy
2018-09-05 10:02:58.511  INFO 6440 --- [           main] s.w.s.m.m.a.RequestMappingHandlerMapping : Mapped "{[/error]}" onto public org.springframework.http.ResponseEntity<java.util.Map<java.lang.String, java.lang.Object>> org.springframework.boot.autoconfigure.web.servlet.error.BasicErrorController.error(javax.servlet.http.HttpServletRequest)
2018-09-05 10:02:58.513  INFO 6440 --- [           main] s.w.s.m.m.a.RequestMappingHandlerMapping : Mapped "{[/error],produces=[text/html]}" onto public org.springframework.web.servlet.ModelAndView org.springframework.boot.autoconfigure.web.servlet.error.BasicErrorController.errorHtml(javax.servlet.http.HttpServletRequest,javax.servlet.http.HttpServletResponse)
2018-09-05 10:02:58.515  WARN 6440 --- [           main] o.s.w.c.s.GenericWebApplicationContext   : Exception encountered during context initialization - cancelling refresh attempt: org.springframework.beans.factory.BeanCreationException: Error creating bean with name 'requestMappingHandlerMapping' defined in class path resource [org/springframework/boot/autoconfigure/web/servlet/WebMvcAutoConfiguration$EnableWebMvcConfiguration.class]: Invocation of init method failed; nested exception is java.lang.ArrayStoreException: sun.reflect.annotation.TypeNotPresentExceptionProxy
2018-09-05 10:02:58.525  INFO 6440 --- [           main] ConditionEvaluationReportLoggingListener : 

Error starting ApplicationContext. To display the conditions report re-run your application with 'debug' enabled.
2018-09-05 10:02:58.531 ERROR 6440 --- [           main] o.s.boot.SpringApplication               : Application run failed

org.springframework.beans.factory.BeanCreationException: Error creating bean with name 'requestMappingHandlerMapping' defined in class path resource [org/springframework/boot/autoconfigure/web/servlet/WebMvcAutoConfiguration$EnableWebMvcConfiguration.class]: Invocation of init method failed; nested exception is java.lang.ArrayStoreException: sun.reflect.annotation.TypeNotPresentExceptionProxy
	at org.springframework.beans.factory.support.AbstractAutowireCapableBeanFactory.initializeBean(AbstractAutowireCapableBeanFactory.java:1699) ~[spring-beans-5.0.8.RELEASE.jar:5.0.8.RELEASE]
	at org.springframework.beans.factory.support.AbstractAutowireCapableBeanFactory.doCreateBean(AbstractAutowireCapableBeanFactory.java:573) ~[spring-beans-5.0.8.RELEASE.jar:5.0.8.RELEASE]
	at org.springframework.beans.factory.support.AbstractAutowireCapableBeanFactory.createBean(AbstractAutowireCapableBeanFactory.java:495) ~[spring-beans-5.0.8.RELEASE.jar:5.0.8.RELEASE]
	at org.springframework.beans.factory.support.AbstractBeanFactory.lambda$doGetBean$0(AbstractBeanFactory.java:317) ~[spring-beans-5.0.8.RELEASE.jar:5.0.8.RELEASE]
	at org.springframework.beans.factory.support.DefaultSingletonBeanRegistry.getSingleton(DefaultSingletonBeanRegistry.java:222) ~[spring-beans-5.0.8.RELEASE.jar:5.0.8.RELEASE]
	at org.springframework.beans.factory.support.AbstractBeanFactory.doGetBean(AbstractBeanFactory.java:315) ~[spring-beans-5.0.8.RELEASE.jar:5.0.8.RELEASE]
	at org.springframework.beans.factory.support.AbstractBeanFactory.getBean(AbstractBeanFactory.java:199) ~[spring-beans-5.0.8.RELEASE.jar:5.0.8.RELEASE]
	at org.springframework.beans.factory.support.DefaultListableBeanFactory.preInstantiateSingletons(DefaultListableBeanFactory.java:759) ~[spring-beans-5.0.8.RELEASE.jar:5.0.8.RELEASE]
	at org.springframework.context.support.AbstractApplicationContext.finishBeanFactoryInitialization(AbstractApplicationContext.java:869) ~[spring-context-5.0.8.RELEASE.jar:5.0.8.RELEASE]
	at org.springframework.context.support.AbstractApplicationContext.refresh(AbstractApplicationContext.java:550) ~[spring-context-5.0.8.RELEASE.jar:5.0.8.RELEASE]
	at org.springframework.boot.SpringApplication.refresh(SpringApplication.java:762) ~[spring-boot-2.0.4.RELEASE.jar:2.0.4.RELEASE]
	at org.springframework.boot.SpringApplication.refreshContext(SpringApplication.java:398) ~[spring-boot-2.0.4.RELEASE.jar:2.0.4.RELEASE]
	at org.springframework.boot.SpringApplication.run(SpringApplication.java:330) ~[spring-boot-2.0.4.RELEASE.jar:2.0.4.RELEASE]
	at org.springframework.boot.test.context.SpringBootContextLoader.loadContext(SpringBootContextLoader.java:139) [spring-boot-test-2.0.4.RELEASE.jar:2.0.4.RELEASE]
	at org.springframework.test.context.cache.DefaultCacheAwareContextLoaderDelegate.loadContextInternal(DefaultCacheAwareContextLoaderDelegate.java:99) [spring-test-5.0.8.RELEASE.jar:5.0.8.RELEASE]
	at org.springframework.test.context.cache.DefaultCacheAwareContextLoaderDelegate.loadContext(DefaultCacheAwareContextLoaderDelegate.java:117) [spring-test-5.0.8.RELEASE.jar:5.0.8.RELEASE]
	at org.springframework.test.context.support.DefaultTestContext.getApplicationContext(DefaultTestContext.java:108) [spring-test-5.0.8.RELEASE.jar:5.0.8.RELEASE]
	at org.springframework.test.context.web.ServletTestExecutionListener.setUpRequestContextIfNecessary(ServletTestExecutionListener.java:190) [spring-test-5.0.8.RELEASE.jar:5.0.8.RELEASE]
	at org.springframework.test.context.web.ServletTestExecutionListener.prepareTestInstance(ServletTestExecutionListener.java:132) [spring-test-5.0.8.RELEASE.jar:5.0.8.RELEASE]
	at org.springframework.test.context.TestContextManager.prepareTestInstance(TestContextManager.java:246) [spring-test-5.0.8.RELEASE.jar:5.0.8.RELEASE]
	at org.springframework.test.context.junit4.SpringJUnit4ClassRunner.createTest(SpringJUnit4ClassRunner.java:227) [spring-test-5.0.8.RELEASE.jar:5.0.8.RELEASE]
	at org.springframework.test.context.junit4.SpringJUnit4ClassRunner$1.runReflectiveCall(SpringJUnit4ClassRunner.java:289) [spring-test-5.0.8.RELEASE.jar:5.0.8.RELEASE]
	at org.junit.internal.runners.model.ReflectiveCallable.run(ReflectiveCallable.java:12) [junit-4.12.jar:4.12]
	at org.springframework.test.context.junit4.SpringJUnit4ClassRunner.methodBlock(SpringJUnit4ClassRunner.java:291) [spring-test-5.0.8.RELEASE.jar:5.0.8.RELEASE]
	at org.springframework.test.context.junit4.SpringJUnit4ClassRunner.runChild(SpringJUnit4ClassRunner.java:246) [spring-test-5.0.8.RELEASE.jar:5.0.8.RELEASE]
	at org.springframework.test.context.junit4.SpringJUnit4ClassRunner.runChild(SpringJUnit4ClassRunner.java:97) [spring-test-5.0.8.RELEASE.jar:5.0.8.RELEASE]
	at org.junit.runners.ParentRunner$3.run(ParentRunner.java:290) [junit-4.12.jar:4.12]
	at org.junit.runners.ParentRunner$1.schedule(ParentRunner.java:71) [junit-4.12.jar:4.12]
	at org.junit.runners.ParentRunner.runChildren(ParentRunner.java:288) [junit-4.12.jar:4.12]
	at org.junit.runners.ParentRunner.access$000(ParentRunner.java:58) [junit-4.12.jar:4.12]
	at org.junit.runners.ParentRunner$2.evaluate(ParentRunner.java:268) [junit-4.12.jar:4.12]
	at org.springframework.test.context.junit4.statements.RunBeforeTestClassCallbacks.evaluate(RunBeforeTestClassCallbacks.java:61) [spring-test-5.0.8.RELEASE.jar:5.0.8.RELEASE]
	at org.springframework.test.context.junit4.statements.RunAfterTestClassCallbacks.evaluate(RunAfterTestClassCallbacks.java:70) [spring-test-5.0.8.RELEASE.jar:5.0.8.RELEASE]
	at org.junit.runners.ParentRunner.run(ParentRunner.java:363) [junit-4.12.jar:4.12]
	at org.springframework.test.context.junit4.SpringJUnit4ClassRunner.run(SpringJUnit4ClassRunner.java:190) [spring-test-5.0.8.RELEASE.jar:5.0.8.RELEASE]
	at org.apache.maven.surefire.junit4.JUnit4Provider.execute(JUnit4Provider.java:365) [surefire-junit4-2.21.0.jar:2.21.0]
	at org.apache.maven.surefire.junit4.JUnit4Provider.executeWithRerun(JUnit4Provider.java:273) [surefire-junit4-2.21.0.jar:2.21.0]
	at org.apache.maven.surefire.junit4.JUnit4Provider.executeTestSet(JUnit4Provider.java:238) [surefire-junit4-2.21.0.jar:2.21.0]
	at org.apache.maven.surefire.junit4.JUnit4Provider.invoke(JUnit4Provider.java:159) [surefire-junit4-2.21.0.jar:2.21.0]
	at org.apache.maven.surefire.booter.ForkedBooter.invokeProviderInSameClassLoader(ForkedBooter.java:379) [surefire-booter-2.21.0.jar:2.21.0]
	at org.apache.maven.surefire.booter.ForkedBooter.runSuitesInProcess(ForkedBooter.java:340) [surefire-booter-2.21.0.jar:2.21.0]
	at org.apache.maven.surefire.booter.ForkedBooter.execute(ForkedBooter.java:125) [surefire-booter-2.21.0.jar:2.21.0]
	at org.apache.maven.surefire.booter.ForkedBooter.main(ForkedBooter.java:413) [surefire-booter-2.21.0.jar:2.21.0]
Caused by: java.lang.ArrayStoreException: sun.reflect.annotation.TypeNotPresentExceptionProxy
	at sun.reflect.annotation.AnnotationParser.parseClassArray(AnnotationParser.java:724) ~[na:1.8.0_181]
	at sun.reflect.annotation.AnnotationParser.parseArray(AnnotationParser.java:531) ~[na:1.8.0_181]
	at sun.reflect.annotation.AnnotationParser.parseMemberValue(AnnotationParser.java:355) ~[na:1.8.0_181]
	at sun.reflect.annotation.AnnotationParser.parseAnnotation2(AnnotationParser.java:286) ~[na:1.8.0_181]
	at sun.reflect.annotation.AnnotationParser.parseAnnotations2(AnnotationParser.java:120) ~[na:1.8.0_181]
	at sun.reflect.annotation.AnnotationParser.parseAnnotations(AnnotationParser.java:72) ~[na:1.8.0_181]
	at java.lang.Class.createAnnotationData(Class.java:3521) ~[na:1.8.0_181]
	at java.lang.Class.annotationData(Class.java:3510) ~[na:1.8.0_181]
	at java.lang.Class.createAnnotationData(Class.java:3526) ~[na:1.8.0_181]
	at java.lang.Class.annotationData(Class.java:3510) ~[na:1.8.0_181]
	at java.lang.Class.getAnnotation(Class.java:3415) ~[na:1.8.0_181]
	at java.lang.reflect.AnnotatedElement.isAnnotationPresent(AnnotatedElement.java:258) ~[na:1.8.0_181]
	at java.lang.Class.isAnnotationPresent(Class.java:3425) ~[na:1.8.0_181]
	at org.springframework.core.annotation.AnnotatedElementUtils.hasAnnotation(AnnotatedElementUtils.java:573) ~[spring-core-5.0.8.RELEASE.jar:5.0.8.RELEASE]
	at org.springframework.web.servlet.mvc.method.annotation.RequestMappingHandlerMapping.isHandler(RequestMappingHandlerMapping.java:177) ~[spring-webmvc-5.0.8.RELEASE.jar:5.0.8.RELEASE]
	at org.springframework.web.servlet.handler.AbstractHandlerMethodMapping.initHandlerMethods(AbstractHandlerMethodMapping.java:217) ~[spring-webmvc-5.0.8.RELEASE.jar:5.0.8.RELEASE]
	at org.springframework.web.servlet.handler.AbstractHandlerMethodMapping.afterPropertiesSet(AbstractHandlerMethodMapping.java:188) ~[spring-webmvc-5.0.8.RELEASE.jar:5.0.8.RELEASE]
	at org.springframework.web.servlet.mvc.method.annotation.RequestMappingHandlerMapping.afterPropertiesSet(RequestMappingHandlerMapping.java:136) ~[spring-webmvc-5.0.8.RELEASE.jar:5.0.8.RELEASE]
	at org.springframework.beans.factory.support.AbstractAutowireCapableBeanFactory.invokeInitMethods(AbstractAutowireCapableBeanFactory.java:1758) ~[spring-beans-5.0.8.RELEASE.jar:5.0.8.RELEASE]
	at org.springframework.beans.factory.support.AbstractAutowireCapableBeanFactory.initializeBean(AbstractAutowireCapableBeanFactory.java:1695) ~[spring-beans-5.0.8.RELEASE.jar:5.0.8.RELEASE]
	... 42 common frames omitted

2018-09-05 10:02:58.533 ERROR 6440 --- [           main] o.s.test.context.TestContextManager      : Caught exception while allowing TestExecutionListener [org.springframework.test.context.web.ServletTestExecutionListener@1d8bd0de] to prepare test instance [net.itxw.activitiDemo.ActivitiDemoApplicationTests@787f32b7]

java.lang.IllegalStateException: Failed to load ApplicationContext
	at org.springframework.test.context.cache.DefaultCacheAwareContextLoaderDelegate.loadContext(DefaultCacheAwareContextLoaderDelegate.java:125) ~[spring-test-5.0.8.RELEASE.jar:5.0.8.RELEASE]
	at org.springframework.test.context.support.DefaultTestContext.getApplicationContext(DefaultTestContext.java:108) ~[spring-test-5.0.8.RELEASE.jar:5.0.8.RELEASE]
	at org.springframework.test.context.web.ServletTestExecutionListener.setUpRequestContextIfNecessary(ServletTestExecutionListener.java:190) ~[spring-test-5.0.8.RELEASE.jar:5.0.8.RELEASE]
	at org.springframework.test.context.web.ServletTestExecutionListener.prepareTestInstance(ServletTestExecutionListener.java:132) ~[spring-test-5.0.8.RELEASE.jar:5.0.8.RELEASE]
	at org.springframework.test.context.TestContextManager.prepareTestInstance(TestContextManager.java:246) ~[spring-test-5.0.8.RELEASE.jar:5.0.8.RELEASE]
	at org.springframework.test.context.junit4.SpringJUnit4ClassRunner.createTest(SpringJUnit4ClassRunner.java:227) [spring-test-5.0.8.RELEASE.jar:5.0.8.RELEASE]
	at org.springframework.test.context.junit4.SpringJUnit4ClassRunner$1.runReflectiveCall(SpringJUnit4ClassRunner.java:289) [spring-test-5.0.8.RELEASE.jar:5.0.8.RELEASE]
	at org.junit.internal.runners.model.ReflectiveCallable.run(ReflectiveCallable.java:12) [junit-4.12.jar:4.12]
	at org.springframework.test.context.junit4.SpringJUnit4ClassRunner.methodBlock(SpringJUnit4ClassRunner.java:291) [spring-test-5.0.8.RELEASE.jar:5.0.8.RELEASE]
	at org.springframework.test.context.junit4.SpringJUnit4ClassRunner.runChild(SpringJUnit4ClassRunner.java:246) [spring-test-5.0.8.RELEASE.jar:5.0.8.RELEASE]
	at org.springframework.test.context.junit4.SpringJUnit4ClassRunner.runChild(SpringJUnit4ClassRunner.java:97) [spring-test-5.0.8.RELEASE.jar:5.0.8.RELEASE]
	at org.junit.runners.ParentRunner$3.run(ParentRunner.java:290) [junit-4.12.jar:4.12]
	at org.junit.runners.ParentRunner$1.schedule(ParentRunner.java:71) [junit-4.12.jar:4.12]
	at org.junit.runners.ParentRunner.runChildren(ParentRunner.java:288) [junit-4.12.jar:4.12]
	at org.junit.runners.ParentRunner.access$000(ParentRunner.java:58) [junit-4.12.jar:4.12]
	at org.junit.runners.ParentRunner$2.evaluate(ParentRunner.java:268) [junit-4.12.jar:4.12]
	at org.springframework.test.context.junit4.statements.RunBeforeTestClassCallbacks.evaluate(RunBeforeTestClassCallbacks.java:61) [spring-test-5.0.8.RELEASE.jar:5.0.8.RELEASE]
	at org.springframework.test.context.junit4.statements.RunAfterTestClassCallbacks.evaluate(RunAfterTestClassCallbacks.java:70) [spring-test-5.0.8.RELEASE.jar:5.0.8.RELEASE]
	at org.junit.runners.ParentRunner.run(ParentRunner.java:363) [junit-4.12.jar:4.12]
	at org.springframework.test.context.junit4.SpringJUnit4ClassRunner.run(SpringJUnit4ClassRunner.java:190) [spring-test-5.0.8.RELEASE.jar:5.0.8.RELEASE]
	at org.apache.maven.surefire.junit4.JUnit4Provider.execute(JUnit4Provider.java:365) [surefire-junit4-2.21.0.jar:2.21.0]
	at org.apache.maven.surefire.junit4.JUnit4Provider.executeWithRerun(JUnit4Provider.java:273) [surefire-junit4-2.21.0.jar:2.21.0]
	at org.apache.maven.surefire.junit4.JUnit4Provider.executeTestSet(JUnit4Provider.java:238) [surefire-junit4-2.21.0.jar:2.21.0]
	at org.apache.maven.surefire.junit4.JUnit4Provider.invoke(JUnit4Provider.java:159) [surefire-junit4-2.21.0.jar:2.21.0]
	at org.apache.maven.surefire.booter.ForkedBooter.invokeProviderInSameClassLoader(ForkedBooter.java:379) [surefire-booter-2.21.0.jar:2.21.0]
	at org.apache.maven.surefire.booter.ForkedBooter.runSuitesInProcess(ForkedBooter.java:340) [surefire-booter-2.21.0.jar:2.21.0]
	at org.apache.maven.surefire.booter.ForkedBooter.execute(ForkedBooter.java:125) [surefire-booter-2.21.0.jar:2.21.0]
	at org.apache.maven.surefire.booter.ForkedBooter.main(ForkedBooter.java:413) [surefire-booter-2.21.0.jar:2.21.0]
Caused by: org.springframework.beans.factory.BeanCreationException: Error creating bean with name 'requestMappingHandlerMapping' defined in class path resource [org/springframework/boot/autoconfigure/web/servlet/WebMvcAutoConfiguration$EnableWebMvcConfiguration.class]: Invocation of init method failed; nested exception is java.lang.ArrayStoreException: sun.reflect.annotation.TypeNotPresentExceptionProxy
	at org.springframework.beans.factory.support.AbstractAutowireCapableBeanFactory.initializeBean(AbstractAutowireCapableBeanFactory.java:1699) ~[spring-beans-5.0.8.RELEASE.jar:5.0.8.RELEASE]
	at org.springframework.beans.factory.support.AbstractAutowireCapableBeanFactory.doCreateBean(AbstractAutowireCapableBeanFactory.java:573) ~[spring-beans-5.0.8.RELEASE.jar:5.0.8.RELEASE]
	at org.springframework.beans.factory.support.AbstractAutowireCapableBeanFactory.createBean(AbstractAutowireCapableBeanFactory.java:495) ~[spring-beans-5.0.8.RELEASE.jar:5.0.8.RELEASE]
	at org.springframework.beans.factory.support.AbstractBeanFactory.lambda$doGetBean$0(AbstractBeanFactory.java:317) ~[spring-beans-5.0.8.RELEASE.jar:5.0.8.RELEASE]
	at org.springframework.beans.factory.support.DefaultSingletonBeanRegistry.getSingleton(DefaultSingletonBeanRegistry.java:222) ~[spring-beans-5.0.8.RELEASE.jar:5.0.8.RELEASE]
	at org.springframework.beans.factory.support.AbstractBeanFactory.doGetBean(AbstractBeanFactory.java:315) ~[spring-beans-5.0.8.RELEASE.jar:5.0.8.RELEASE]
	at org.springframework.beans.factory.support.AbstractBeanFactory.getBean(AbstractBeanFactory.java:199) ~[spring-beans-5.0.8.RELEASE.jar:5.0.8.RELEASE]
	at org.springframework.beans.factory.support.DefaultListableBeanFactory.preInstantiateSingletons(DefaultListableBeanFactory.java:759) ~[spring-beans-5.0.8.RELEASE.jar:5.0.8.RELEASE]
	at org.springframework.context.support.AbstractApplicationContext.finishBeanFactoryInitialization(AbstractApplicationContext.java:869) ~[spring-context-5.0.8.RELEASE.jar:5.0.8.RELEASE]
	at org.springframework.context.support.AbstractApplicationContext.refresh(AbstractApplicationContext.java:550) ~[spring-context-5.0.8.RELEASE.jar:5.0.8.RELEASE]
	at org.springframework.boot.SpringApplication.refresh(SpringApplication.java:762) ~[spring-boot-2.0.4.RELEASE.jar:2.0.4.RELEASE]
	at org.springframework.boot.SpringApplication.refreshContext(SpringApplication.java:398) ~[spring-boot-2.0.4.RELEASE.jar:2.0.4.RELEASE]
	at org.springframework.boot.SpringApplication.run(SpringApplication.java:330) ~[spring-boot-2.0.4.RELEASE.jar:2.0.4.RELEASE]
	at org.springframework.boot.test.context.SpringBootContextLoader.loadContext(SpringBootContextLoader.java:139) ~[spring-boot-test-2.0.4.RELEASE.jar:2.0.4.RELEASE]
	at org.springframework.test.context.cache.DefaultCacheAwareContextLoaderDelegate.loadContextInternal(DefaultCacheAwareContextLoaderDelegate.java:99) ~[spring-test-5.0.8.RELEASE.jar:5.0.8.RELEASE]
	at org.springframework.test.context.cache.DefaultCacheAwareContextLoaderDelegate.loadContext(DefaultCacheAwareContextLoaderDelegate.java:117) ~[spring-test-5.0.8.RELEASE.jar:5.0.8.RELEASE]
	... 27 common frames omitted
Caused by: java.lang.ArrayStoreException: sun.reflect.annotation.TypeNotPresentExceptionProxy
	at sun.reflect.annotation.AnnotationParser.parseClassArray(AnnotationParser.java:724) ~[na:1.8.0_181]
	at sun.reflect.annotation.AnnotationParser.parseArray(AnnotationParser.java:531) ~[na:1.8.0_181]
	at sun.reflect.annotation.AnnotationParser.parseMemberValue(AnnotationParser.java:355) ~[na:1.8.0_181]
	at sun.reflect.annotation.AnnotationParser.parseAnnotation2(AnnotationParser.java:286) ~[na:1.8.0_181]
	at sun.reflect.annotation.AnnotationParser.parseAnnotations2(AnnotationParser.java:120) ~[na:1.8.0_181]
	at sun.reflect.annotation.AnnotationParser.parseAnnotations(AnnotationParser.java:72) ~[na:1.8.0_181]
	at java.lang.Class.createAnnotationData(Class.java:3521) ~[na:1.8.0_181]
	at java.lang.Class.annotationData(Class.java:3510) ~[na:1.8.0_181]
	at java.lang.Class.createAnnotationData(Class.java:3526) ~[na:1.8.0_181]
	at java.lang.Class.annotationData(Class.java:3510) ~[na:1.8.0_181]
	at java.lang.Class.getAnnotation(Class.java:3415) ~[na:1.8.0_181]
	at java.lang.reflect.AnnotatedElement.isAnnotationPresent(AnnotatedElement.java:258) ~[na:1.8.0_181]
	at java.lang.Class.isAnnotationPresent(Class.java:3425) ~[na:1.8.0_181]
	at org.springframework.core.annotation.AnnotatedElementUtils.hasAnnotation(AnnotatedElementUtils.java:573) ~[spring-core-5.0.8.RELEASE.jar:5.0.8.RELEASE]
	at org.springframework.web.servlet.mvc.method.annotation.RequestMappingHandlerMapping.isHandler(RequestMappingHandlerMapping.java:177) ~[spring-webmvc-5.0.8.RELEASE.jar:5.0.8.RELEASE]
	at org.springframework.web.servlet.handler.AbstractHandlerMethodMapping.initHandlerMethods(AbstractHandlerMethodMapping.java:217) ~[spring-webmvc-5.0.8.RELEASE.jar:5.0.8.RELEASE]
	at org.springframework.web.servlet.handler.AbstractHandlerMethodMapping.afterPropertiesSet(AbstractHandlerMethodMapping.java:188) ~[spring-webmvc-5.0.8.RELEASE.jar:5.0.8.RELEASE]
	at org.springframework.web.servlet.mvc.method.annotation.RequestMappingHandlerMapping.afterPropertiesSet(RequestMappingHandlerMapping.java:136) ~[spring-webmvc-5.0.8.RELEASE.jar:5.0.8.RELEASE]
	at org.springframework.beans.factory.support.AbstractAutowireCapableBeanFactory.invokeInitMethods(AbstractAutowireCapableBeanFactory.java:1758) ~[spring-beans-5.0.8.RELEASE.jar:5.0.8.RELEASE]
	at org.springframework.beans.factory.support.AbstractAutowireCapableBeanFactory.initializeBean(AbstractAutowireCapableBeanFactory.java:1695) ~[spring-beans-5.0.8.RELEASE.jar:5.0.8.RELEASE]
	... 42 common frames omitted

]]></system-out>
  </testcase>
</testsuite>